[2018-12-17 15:47:41] INFO [main: CodeCraft-2019.py, 21] car_path is config/car.txt
[2018-12-17 15:47:41] INFO [main: CodeCraft-2019.py, 22] road_path is config/road.txt
[2018-12-17 15:47:41] INFO [main: CodeCraft-2019.py, 23] cross_path is config/cross.txt
[2018-12-17 15:47:41] INFO [main: CodeCraft-2019.py, 24] answer_path is config/answer.txt[2019-03-20 21:01:23] INFO [main: CodeCraft-2019.py, 23] car_path is ../config/car.txt
[2019-03-20 21:01:23] INFO [main: CodeCraft-2019.py, 24] road_path is ../config/road.txt
[2019-03-20 21:01:23] INFO [main: CodeCraft-2019.py, 25] cross_path is ../config/cross.txt
[2019-03-20 21:01:23] INFO [main: CodeCraft-2019.py, 26] answer_path is ../config/answer.txt
[2019-03-20 21:02:36] INFO [main: CodeCraft-2019.py, 23] car_path is config/car.txt
[2019-03-20 21:02:36] INFO [main: CodeCraft-2019.py, 24] road_path is config/road.txt
[2019-03-20 21:02:36] INFO [main: CodeCraft-2019.py, 25] cross_path is config/cross.txt
[2019-03-20 21:02:36] INFO [main: CodeCraft-2019.py, 26] answer_path is config/answer.txt
[2019-03-20 21:03:19] INFO [main: CodeCraft-2019.py, 23] car_path is config/car.txt
[2019-03-20 21:03:19] INFO [main: CodeCraft-2019.py, 24] road_path is config/road.txt
[2019-03-20 21:03:19] INFO [main: CodeCraft-2019.py, 25] cross_path is config/cross.txt
[2019-03-20 21:03:19] INFO [main: CodeCraft-2019.py, 26] answer_path is config/answer.txt
[2019-03-20 21:14:50] INFO [main: CodeCraft-2019.py, 23] car_path is config/car.txt
[2019-03-20 21:14:50] INFO [main: CodeCraft-2019.py, 24] road_path is config/road.txt
[2019-03-20 21:14:50] INFO [main: CodeCraft-2019.py, 25] cross_path is config/cross.txt
[2019-03-20 21:14:50] INFO [main: CodeCraft-2019.py, 26] answer_path is config/answer.txt
[2019-03-20 21:25:21] INFO [main: CodeCraft-2019.py, 23] car_path is config/car.txt
[2019-03-20 21:25:21] INFO [main: CodeCraft-2019.py, 24] road_path is config/road.txt
[2019-03-20 21:25:21] INFO [main: CodeCraft-2019.py, 25] cross_path is config/cross.txt
[2019-03-20 21:25:21] INFO [main: CodeCraft-2019.py, 26] answer_path is config/answer.txt
[2019-03-20 21:26:15] INFO [main: CodeCraft-2019.py, 23] car_path is config/car.txt
[2019-03-20 21:26:15] INFO [main: CodeCraft-2019.py, 24] road_path is config/road.txt
[2019-03-20 21:26:15] INFO [main: CodeCraft-2019.py, 25] cross_path is config/cross.txt
[2019-03-20 21:26:15] INFO [main: CodeCraft-2019.py, 26] answer_path is config/answer.txt
[2019-03-20 21:26:30] INFO [main: CodeCraft-2019.py, 23] car_path is config/car.txt
[2019-03-20 21:26:30] INFO [main: CodeCraft-2019.py, 24] road_path is config/road.txt
[2019-03-20 21:26:30] INFO [main: CodeCraft-2019.py, 25] cross_path is config/cross.txt
[2019-03-20 21:26:30] INFO [main: CodeCraft-2019.py, 26] answer_path is config/answer.txt
[2019-03-20 21:27:26] INFO [main: CodeCraft-2019.py, 23] car_path is config/car.txt
[2019-03-20 21:27:26] INFO [main: CodeCraft-2019.py, 24] road_path is config/road.txt
[2019-03-20 21:27:26] INFO [main: CodeCraft-2019.py, 25] cross_path is config/cross.txt
[2019-03-20 21:27:26] INFO [main: CodeCraft-2019.py, 26] answer_path is config/answer.txt
[2019-03-20 21:36:38] INFO [main: CodeCraft-2019.py, 23] car_path is config/car.txt
[2019-03-20 21:36:38] INFO [main: CodeCraft-2019.py, 24] road_path is config/road.txt
[2019-03-20 21:36:38] INFO [main: CodeCraft-2019.py, 25] cross_path is config/cross.txt
[2019-03-20 21:36:38] INFO [main: CodeCraft-2019.py, 26] answer_path is config/answer.txt
[2019-03-20 21:38:43] INFO [main: CodeCraft-2019.py, 23] car_path is config/car.txt
[2019-03-20 21:38:43] INFO [main: CodeCraft-2019.py, 24] road_path is config/road.txt
[2019-03-20 21:38:43] INFO [main: CodeCraft-2019.py, 25] cross_path is config/cross.txt
[2019-03-20 21:38:43] INFO [main: CodeCraft-2019.py, 26] answer_path is config/answer.txt
[2019-03-20 21:39:02] INFO [main: CodeCraft-2019.py, 23] car_path is config/car.txt
[2019-03-20 21:39:02] INFO [main: CodeCraft-2019.py, 24] road_path is config/road.txt
[2019-03-20 21:39:02] INFO [main: CodeCraft-2019.py, 25] cross_path is config/cross.txt
[2019-03-20 21:39:02] INFO [main: CodeCraft-2019.py, 26] answer_path is config/answer.txt
[2019-03-20 21:40:32] INFO [main: CodeCraft-2019.py, 23] car_path is config/car.txt
[2019-03-20 21:40:32] INFO [main: CodeCraft-2019.py, 24] road_path is config/road.txt
[2019-03-20 21:40:32] INFO [main: CodeCraft-2019.py, 25] cross_path is config/cross.txt
[2019-03-20 21:40:32] INFO [main: CodeCraft-2019.py, 26] answer_path is config/answer.txt
[2019-03-20 21:44:32] INFO [main: CodeCraft-2019.py, 23] car_path is config/car.txt
[2019-03-20 21:44:32] INFO [main: CodeCraft-2019.py, 24] road_path is config/road.txt
[2019-03-20 21:44:32] INFO [main: CodeCraft-2019.py, 25] cross_path is config/cross.txt
[2019-03-20 21:44:32] INFO [main: CodeCraft-2019.py, 26] answer_path is config/answer.txt
[2019-03-20 21:47:52] INFO [main: CodeCraft-2019.py, 23] car_path is config/car.txt
[2019-03-20 21:47:52] INFO [main: CodeCraft-2019.py, 24] road_path is config/road.txt
[2019-03-20 21:47:52] INFO [main: CodeCraft-2019.py, 25] cross_path is config/cross.txt
[2019-03-20 21:47:52] INFO [main: CodeCraft-2019.py, 26] answer_path is config/answer.txt
[2019-03-20 21:48:44] INFO [main: CodeCraft-2019.py, 23] car_path is config/car.txt
[2019-03-20 21:48:44] INFO [main: CodeCraft-2019.py, 24] road_path is config/road.txt
[2019-03-20 21:48:44] INFO [main: CodeCraft-2019.py, 25] cross_path is config/cross.txt
[2019-03-20 21:48:44] INFO [main: CodeCraft-2019.py, 26] answer_path is config/answer.txt
[2019-03-20 21:56:24] INFO [main: CodeCraft-2019.py, 23] car_path is config/car.txt
[2019-03-20 21:56:24] INFO [main: CodeCraft-2019.py, 24] road_path is config/road.txt
[2019-03-20 21:56:24] INFO [main: CodeCraft-2019.py, 25] cross_path is config/cross.txt
[2019-03-20 21:56:24] INFO [main: CodeCraft-2019.py, 26] answer_path is config/answer.txt
[2019-03-21 14:31:15] INFO [main: CodeCraft-2019.py, 23] car_path is config/car.txt
[2019-03-21 14:31:15] INFO [main: CodeCraft-2019.py, 24] road_path is config/road.txt
[2019-03-21 14:31:15] INFO [main: CodeCraft-2019.py, 25] cross_path is config/cross.txt
[2019-03-21 14:31:15] INFO [main: CodeCraft-2019.py, 26] answer_path is config/answer.txt
[2019-03-22 14:33:41] INFO [main: CodeCraft-2019.py, 23] car_path is config/car.txt
[2019-03-22 14:33:41] INFO [main: CodeCraft-2019.py, 24] road_path is config/road.txt
[2019-03-22 14:33:41] INFO [main: CodeCraft-2019.py, 25] cross_path is config/cross.txt
[2019-03-22 14:33:41] INFO [main: CodeCraft-2019.py, 26] answer_path is config/answer.txt
[2019-03-22 14:34:11] INFO [main: CodeCraft-2019.py, 23] car_path is config/car.txt
[2019-03-22 14:34:11] INFO [main: CodeCraft-2019.py, 24] road_path is config/road.txt
[2019-03-22 14:34:11] INFO [main: CodeCraft-2019.py, 25] cross_path is config/cross.txt
[2019-03-22 14:34:11] INFO [main: CodeCraft-2019.py, 26] answer_path is config/answer.txt
[2019-03-22 14:35:46] INFO [main: CodeCraft-2019.py, 23] car_path is config/car.txt
[2019-03-22 14:35:46] INFO [main: CodeCraft-2019.py, 24] road_path is config/road.txt
[2019-03-22 14:35:46] INFO [main: CodeCraft-2019.py, 25] cross_path is config/cross.txt
[2019-03-22 14:35:46] INFO [main: CodeCraft-2019.py, 26] answer_path is config/answer.txt
[2019-03-22 14:38:17] INFO [main: CodeCraft-2019.py, 23] car_path is config/car.txt
[2019-03-22 14:38:17] INFO [main: CodeCraft-2019.py, 24] road_path is config/road.txt
[2019-03-22 14:38:17] INFO [main: CodeCraft-2019.py, 25] cross_path is config/cross.txt
[2019-03-22 14:38:17] INFO [main: CodeCraft-2019.py, 26] answer_path is config/answer.txt
[2019-03-22 14:38:34] INFO [main: CodeCraft-2019.py, 23] car_path is config/car.txt
[2019-03-22 14:38:34] INFO [main: CodeCraft-2019.py, 24] road_path is config/road.txt
[2019-03-22 14:38:34] INFO [main: CodeCraft-2019.py, 25] cross_path is config/cross.txt
[2019-03-22 14:38:34] INFO [main: CodeCraft-2019.py, 26] answer_path is config/answer.txt
[2019-03-22 14:40:09] INFO [main: CodeCraft-2019.py, 23] car_path is config/car.txt
[2019-03-22 14:40:09] INFO [main: CodeCraft-2019.py, 24] road_path is config/road.txt
[2019-03-22 14:40:09] INFO [main: CodeCraft-2019.py, 25] cross_path is config/cross.txt
[2019-03-22 14:40:09] INFO [main: CodeCraft-2019.py, 26] answer_path is config/answer.txt
[2019-03-22 14:44:43] INFO [main: CodeCraft-2019.py, 28] car_path is config/car.txt
[2019-03-22 14:44:43] INFO [main: CodeCraft-2019.py, 29] road_path is config/road.txt
[2019-03-22 14:44:43] INFO [main: CodeCraft-2019.py, 30] cross_path is config/cross.txt
[2019-03-22 14:44:43] INFO [main: CodeCraft-2019.py, 31] answer_path is config/answer.txt
[2019-03-22 14:46:02] INFO [main: CodeCraft-2019.py, 30] car_path is ../config/car.txt
[2019-03-22 14:46:02] INFO [main: CodeCraft-2019.py, 31] road_path is ../config/road.txt
[2019-03-22 14:46:02] INFO [main: CodeCraft-2019.py, 32] cross_path is ../config/cross.txt
[2019-03-22 14:46:02] INFO [main: CodeCraft-2019.py, 33] answer_path is ../config/answer.txt
[2019-03-22 14:46:23] INFO [main: CodeCraft-2019.py, 30] car_path is ../config/car.txt
[2019-03-22 14:46:23] INFO [main: CodeCraft-2019.py, 31] road_path is ../config/road.txt
[2019-03-22 14:46:23] INFO [main: CodeCraft-2019.py, 32] cross_path is ../config/cross.txt
[2019-03-22 14:46:23] INFO [main: CodeCraft-2019.py, 33] answer_path is ../config/answer.txt
[2019-03-22 14:46:49] INFO [main: CodeCraft-2019.py, 30] car_path is config/car.txt
[2019-03-22 14:46:49] INFO [main: CodeCraft-2019.py, 31] road_path is config/road.txt
[2019-03-22 14:46:49] INFO [main: CodeCraft-2019.py, 32] cross_path is config/cross.txt
[2019-03-22 14:46:49] INFO [main: CodeCraft-2019.py, 33] answer_path is config/answer.txt
[2019-03-22 14:46:55] INFO [main: CodeCraft-2019.py, 30] car_path is config/car.txt
[2019-03-22 14:46:55] INFO [main: CodeCraft-2019.py, 31] road_path is config/road.txt
[2019-03-22 14:46:55] INFO [main: CodeCraft-2019.py, 32] cross_path is config/cross.txt
[2019-03-22 14:46:55] INFO [main: CodeCraft-2019.py, 33] answer_path is config/answer.txt
[2019-03-22 14:47:44] INFO [main: CodeCraft-2019.py, 30] car_path is ../config/car.txt
[2019-03-22 14:47:44] INFO [main: CodeCraft-2019.py, 31] road_path is ../config/road.txt
[2019-03-22 14:47:44] INFO [main: CodeCraft-2019.py, 32] cross_path is ../config/cross.txt
[2019-03-22 14:47:44] INFO [main: CodeCraft-2019.py, 33] answer_path is ../config/answer.txt
[2019-03-22 14:47:56] INFO [main: CodeCraft-2019.py, 30] car_path is ../config/car.txt
[2019-03-22 14:47:56] INFO [main: CodeCraft-2019.py, 31] road_path is ../config/road.txt
[2019-03-22 14:47:56] INFO [main: CodeCraft-2019.py, 32] cross_path is ../config/cross.txt
[2019-03-22 14:47:56] INFO [main: CodeCraft-2019.py, 33] answer_path is ../config/answer.txt
[2019-03-22 14:48:15] INFO [main: CodeCraft-2019.py, 30] car_path is ../config/car.txt
[2019-03-22 14:48:15] INFO [main: CodeCraft-2019.py, 31] road_path is ../config/road.txt
[2019-03-22 14:48:15] INFO [main: CodeCraft-2019.py, 32] cross_path is ../config/cross.txt
[2019-03-22 14:48:15] INFO [main: CodeCraft-2019.py, 33] answer_path is ../config/answer.txt
[2019-03-22 14:52:15] INFO [main: CodeCraft-2019.py, 30] car_path is ../config/car.txt
[2019-03-22 14:52:15] INFO [main: CodeCraft-2019.py, 31] road_path is ../config/road.txt
[2019-03-22 14:52:15] INFO [main: CodeCraft-2019.py, 32] cross_path is ../config/cross.txt
[2019-03-22 14:52:15] INFO [main: CodeCraft-2019.py, 33] answer_path is ../config/answer.txt
[2019-03-22 15:28:27] INFO [main: CodeCraft-2019.py, 30] car_path is config/car.txt
[2019-03-22 15:28:27] INFO [main: CodeCraft-2019.py, 31] road_path is config/road.txt
[2019-03-22 15:28:27] INFO [main: CodeCraft-2019.py, 32] cross_path is config/cross.txt
[2019-03-22 15:28:27] INFO [main: CodeCraft-2019.py, 33] answer_path is config/answer.txt
[2019-03-22 15:28:56] INFO [main: CodeCraft-2019.py, 30] car_path is config/car.txt
[2019-03-22 15:28:56] INFO [main: CodeCraft-2019.py, 31] road_path is config/road.txt
[2019-03-22 15:28:56] INFO [main: CodeCraft-2019.py, 32] cross_path is config/cross.txt
[2019-03-22 15:28:56] INFO [main: CodeCraft-2019.py, 33] answer_path is config/answer.txt
[2019-03-22 15:29:48] INFO [main: CodeCraft-2019.py, 30] car_path is config/car.txt
[2019-03-22 15:29:48] INFO [main: CodeCraft-2019.py, 31] road_path is config/road.txt
[2019-03-22 15:29:48] INFO [main: CodeCraft-2019.py, 32] cross_path is config/cross.txt
[2019-03-22 15:29:48] INFO [main: CodeCraft-2019.py, 33] answer_path is config/answer.txt
[2019-03-22 15:41:29] INFO [main: CodeCraft-2019.py, 30] car_path is config/car.txt
[2019-03-22 15:41:29] INFO [main: CodeCraft-2019.py, 31] road_path is config/road.txt
[2019-03-22 15:41:29] INFO [main: CodeCraft-2019.py, 32] cross_path is config/cross.txt
[2019-03-22 15:41:29] INFO [main: CodeCraft-2019.py, 33] answer_path is config/answer.txt
[2019-03-22 15:42:03] INFO [main: CodeCraft-2019.py, 30] car_path is config/car.txt
[2019-03-22 15:42:03] INFO [main: CodeCraft-2019.py, 31] road_path is config/road.txt
[2019-03-22 15:42:03] INFO [main: CodeCraft-2019.py, 32] cross_path is config/cross.txt
[2019-03-22 15:42:03] INFO [main: CodeCraft-2019.py, 33] answer_path is config/answer.txt
[2019-03-22 15:42:48] INFO [main: CodeCraft-2019.py, 30] car_path is config/car.txt
[2019-03-22 15:42:48] INFO [main: CodeCraft-2019.py, 31] road_path is config/road.txt
[2019-03-22 15:42:48] INFO [main: CodeCraft-2019.py, 32] cross_path is config/cross.txt
[2019-03-22 15:42:48] INFO [main: CodeCraft-2019.py, 33] answer_path is config/answer.txt
[2019-03-22 15:42:58] INFO [main: CodeCraft-2019.py, 30] car_path is config/car.txt
[2019-03-22 15:42:58] INFO [main: CodeCraft-2019.py, 31] road_path is config/road.txt
[2019-03-22 15:42:58] INFO [main: CodeCraft-2019.py, 32] cross_path is config/cross.txt
[2019-03-22 15:42:58] INFO [main: CodeCraft-2019.py, 33] answer_path is config/answer.txt
[2019-03-22 15:43:46] INFO [main: CodeCraft-2019.py, 30] car_path is config/car.txt
[2019-03-22 15:43:46] INFO [main: CodeCraft-2019.py, 31] road_path is config/road.txt
[2019-03-22 15:43:46] INFO [main: CodeCraft-2019.py, 32] cross_path is config/cross.txt
[2019-03-22 15:43:46] INFO [main: CodeCraft-2019.py, 33] answer_path is config/answer.txt
[2019-03-22 15:46:01] INFO [main: CodeCraft-2019.py, 30] car_path is config/car.txt
[2019-03-22 15:46:01] INFO [main: CodeCraft-2019.py, 31] road_path is config/road.txt
[2019-03-22 15:46:01] INFO [main: CodeCraft-2019.py, 32] cross_path is config/cross.txt
[2019-03-22 15:46:01] INFO [main: CodeCraft-2019.py, 33] answer_path is config/answer.txt
[2019-03-22 15:46:27] INFO [main: CodeCraft-2019.py, 30] car_path is config/car.txt
[2019-03-22 15:46:27] INFO [main: CodeCraft-2019.py, 31] road_path is config/road.txt
[2019-03-22 15:46:27] INFO [main: CodeCraft-2019.py, 32] cross_path is config/cross.txt
[2019-03-22 15:46:27] INFO [main: CodeCraft-2019.py, 33] answer_path is config/answer.txt
[2019-03-22 15:46:50] INFO [main: CodeCraft-2019.py, 30] car_path is config/car.txt
[2019-03-22 15:46:50] INFO [main: CodeCraft-2019.py, 31] road_path is config/road.txt
[2019-03-22 15:46:50] INFO [main: CodeCraft-2019.py, 32] cross_path is config/cross.txt
[2019-03-22 15:46:50] INFO [main: CodeCraft-2019.py, 33] answer_path is config/answer.txt
[2019-03-22 15:49:51] INFO [main: CodeCraft-2019.py, 30] car_path is config/car.txt
[2019-03-22 15:49:51] INFO [main: CodeCraft-2019.py, 31] road_path is config/road.txt
[2019-03-22 15:49:51] INFO [main: CodeCraft-2019.py, 32] cross_path is config/cross.txt
[2019-03-22 15:49:51] INFO [main: CodeCraft-2019.py, 33] answer_path is config/answer.txt
