[2018-12-17 15:47:41] INFO [main: CodeCraft-2019.py, 21] car_path is config/car.txt
[2018-12-17 15:47:41] INFO [main: CodeCraft-2019.py, 22] road_path is config/road.txt
[2018-12-17 15:47:41] INFO [main: CodeCraft-2019.py, 23] cross_path is config/cross.txt
[2018-12-17 15:47:41] INFO [main: CodeCraft-2019.py, 24] answer_path is config/answer.txt[2019-03-20 21:01:23] INFO [main: CodeCraft-2019.py, 23] car_path is ../config/car.txt
[2019-03-20 21:01:23] INFO [main: CodeCraft-2019.py, 24] road_path is ../config/road.txt
[2019-03-20 21:01:23] INFO [main: CodeCraft-2019.py, 25] cross_path is ../config/cross.txt
[2019-03-20 21:01:23] INFO [main: CodeCraft-2019.py, 26] answer_path is ../config/answer.txt
[2019-03-20 21:02:36] INFO [main: CodeCraft-2019.py, 23] car_path is config/car.txt
[2019-03-20 21:02:36] INFO [main: CodeCraft-2019.py, 24] road_path is config/road.txt
[2019-03-20 21:02:36] INFO [main: CodeCraft-2019.py, 25] cross_path is config/cross.txt
[2019-03-20 21:02:36] INFO [main: CodeCraft-2019.py, 26] answer_path is config/answer.txt
[2019-03-20 21:03:19] INFO [main: CodeCraft-2019.py, 23] car_path is config/car.txt
[2019-03-20 21:03:19] INFO [main: CodeCraft-2019.py, 24] road_path is config/road.txt
[2019-03-20 21:03:19] INFO [main: CodeCraft-2019.py, 25] cross_path is config/cross.txt
[2019-03-20 21:03:19] INFO [main: CodeCraft-2019.py, 26] answer_path is config/answer.txt
[2019-03-20 21:14:50] INFO [main: CodeCraft-2019.py, 23] car_path is config/car.txt
[2019-03-20 21:14:50] INFO [main: CodeCraft-2019.py, 24] road_path is config/road.txt
[2019-03-20 21:14:50] INFO [main: CodeCraft-2019.py, 25] cross_path is config/cross.txt
[2019-03-20 21:14:50] INFO [main: CodeCraft-2019.py, 26] answer_path is config/answer.txt
[2019-03-20 21:25:21] INFO [main: CodeCraft-2019.py, 23] car_path is config/car.txt
[2019-03-20 21:25:21] INFO [main: CodeCraft-2019.py, 24] road_path is config/road.txt
[2019-03-20 21:25:21] INFO [main: CodeCraft-2019.py, 25] cross_path is config/cross.txt
[2019-03-20 21:25:21] INFO [main: CodeCraft-2019.py, 26] answer_path is config/answer.txt
[2019-03-20 21:26:15] INFO [main: CodeCraft-2019.py, 23] car_path is config/car.txt
[2019-03-20 21:26:15] INFO [main: CodeCraft-2019.py, 24] road_path is config/road.txt
[2019-03-20 21:26:15] INFO [main: CodeCraft-2019.py, 25] cross_path is config/cross.txt
[2019-03-20 21:26:15] INFO [main: CodeCraft-2019.py, 26] answer_path is config/answer.txt
[2019-03-20 21:26:30] INFO [main: CodeCraft-2019.py, 23] car_path is config/car.txt
[2019-03-20 21:26:30] INFO [main: CodeCraft-2019.py, 24] road_path is config/road.txt
[2019-03-20 21:26:30] INFO [main: CodeCraft-2019.py, 25] cross_path is config/cross.txt
[2019-03-20 21:26:30] INFO [main: CodeCraft-2019.py, 26] answer_path is config/answer.txt
[2019-03-20 21:27:26] INFO [main: CodeCraft-2019.py, 23] car_path is config/car.txt
[2019-03-20 21:27:26] INFO [main: CodeCraft-2019.py, 24] road_path is config/road.txt
[2019-03-20 21:27:26] INFO [main: CodeCraft-2019.py, 25] cross_path is config/cross.txt
[2019-03-20 21:27:26] INFO [main: CodeCraft-2019.py, 26] answer_path is config/answer.txt
[2019-03-20 21:36:38] INFO [main: CodeCraft-2019.py, 23] car_path is config/car.txt
[2019-03-20 21:36:38] INFO [main: CodeCraft-2019.py, 24] road_path is config/road.txt
[2019-03-20 21:36:38] INFO [main: CodeCraft-2019.py, 25] cross_path is config/cross.txt
[2019-03-20 21:36:38] INFO [main: CodeCraft-2019.py, 26] answer_path is config/answer.txt
[2019-03-20 21:38:43] INFO [main: CodeCraft-2019.py, 23] car_path is config/car.txt
[2019-03-20 21:38:43] INFO [main: CodeCraft-2019.py, 24] road_path is config/road.txt
[2019-03-20 21:38:43] INFO [main: CodeCraft-2019.py, 25] cross_path is config/cross.txt
[2019-03-20 21:38:43] INFO [main: CodeCraft-2019.py, 26] answer_path is config/answer.txt
[2019-03-20 21:39:02] INFO [main: CodeCraft-2019.py, 23] car_path is config/car.txt
[2019-03-20 21:39:02] INFO [main: CodeCraft-2019.py, 24] road_path is config/road.txt
[2019-03-20 21:39:02] INFO [main: CodeCraft-2019.py, 25] cross_path is config/cross.txt
[2019-03-20 21:39:02] INFO [main: CodeCraft-2019.py, 26] answer_path is config/answer.txt
[2019-03-20 21:40:32] INFO [main: CodeCraft-2019.py, 23] car_path is config/car.txt
[2019-03-20 21:40:32] INFO [main: CodeCraft-2019.py, 24] road_path is config/road.txt
[2019-03-20 21:40:32] INFO [main: CodeCraft-2019.py, 25] cross_path is config/cross.txt
[2019-03-20 21:40:32] INFO [main: CodeCraft-2019.py, 26] answer_path is config/answer.txt
[2019-03-20 21:44:32] INFO [main: CodeCraft-2019.py, 23] car_path is config/car.txt
[2019-03-20 21:44:32] INFO [main: CodeCraft-2019.py, 24] road_path is config/road.txt
[2019-03-20 21:44:32] INFO [main: CodeCraft-2019.py, 25] cross_path is config/cross.txt
[2019-03-20 21:44:32] INFO [main: CodeCraft-2019.py, 26] answer_path is config/answer.txt
[2019-03-20 21:47:52] INFO [main: CodeCraft-2019.py, 23] car_path is config/car.txt
[2019-03-20 21:47:52] INFO [main: CodeCraft-2019.py, 24] road_path is config/road.txt
[2019-03-20 21:47:52] INFO [main: CodeCraft-2019.py, 25] cross_path is config/cross.txt
[2019-03-20 21:47:52] INFO [main: CodeCraft-2019.py, 26] answer_path is config/answer.txt
[2019-03-20 21:48:44] INFO [main: CodeCraft-2019.py, 23] car_path is config/car.txt
[2019-03-20 21:48:44] INFO [main: CodeCraft-2019.py, 24] road_path is config/road.txt
[2019-03-20 21:48:44] INFO [main: CodeCraft-2019.py, 25] cross_path is config/cross.txt
[2019-03-20 21:48:44] INFO [main: CodeCraft-2019.py, 26] answer_path is config/answer.txt
[2019-03-20 21:56:24] INFO [main: CodeCraft-2019.py, 23] car_path is config/car.txt
[2019-03-20 21:56:24] INFO [main: CodeCraft-2019.py, 24] road_path is config/road.txt
[2019-03-20 21:56:24] INFO [main: CodeCraft-2019.py, 25] cross_path is config/cross.txt
[2019-03-20 21:56:24] INFO [main: CodeCraft-2019.py, 26] answer_path is config/answer.txt
[2019-03-21 14:31:15] INFO [main: CodeCraft-2019.py, 23] car_path is config/car.txt
[2019-03-21 14:31:15] INFO [main: CodeCraft-2019.py, 24] road_path is config/road.txt
[2019-03-21 14:31:15] INFO [main: CodeCraft-2019.py, 25] cross_path is config/cross.txt
[2019-03-21 14:31:15] INFO [main: CodeCraft-2019.py, 26] answer_path is config/answer.txt
[2019-03-22 14:33:41] INFO [main: CodeCraft-2019.py, 23] car_path is config/car.txt
[2019-03-22 14:33:41] INFO [main: CodeCraft-2019.py, 24] road_path is config/road.txt
[2019-03-22 14:33:41] INFO [main: CodeCraft-2019.py, 25] cross_path is config/cross.txt
[2019-03-22 14:33:41] INFO [main: CodeCraft-2019.py, 26] answer_path is config/answer.txt
[2019-03-22 14:34:11] INFO [main: CodeCraft-2019.py, 23] car_path is config/car.txt
[2019-03-22 14:34:11] INFO [main: CodeCraft-2019.py, 24] road_path is config/road.txt
[2019-03-22 14:34:11] INFO [main: CodeCraft-2019.py, 25] cross_path is config/cross.txt
[2019-03-22 14:34:11] INFO [main: CodeCraft-2019.py, 26] answer_path is config/answer.txt
[2019-03-22 14:35:46] INFO [main: CodeCraft-2019.py, 23] car_path is config/car.txt
[2019-03-22 14:35:46] INFO [main: CodeCraft-2019.py, 24] road_path is config/road.txt
[2019-03-22 14:35:46] INFO [main: CodeCraft-2019.py, 25] cross_path is config/cross.txt
[2019-03-22 14:35:46] INFO [main: CodeCraft-2019.py, 26] answer_path is config/answer.txt
[2019-03-22 14:38:17] INFO [main: CodeCraft-2019.py, 23] car_path is config/car.txt
[2019-03-22 14:38:17] INFO [main: CodeCraft-2019.py, 24] road_path is config/road.txt
[2019-03-22 14:38:17] INFO [main: CodeCraft-2019.py, 25] cross_path is config/cross.txt
[2019-03-22 14:38:17] INFO [main: CodeCraft-2019.py, 26] answer_path is config/answer.txt
[2019-03-22 14:38:34] INFO [main: CodeCraft-2019.py, 23] car_path is config/car.txt
[2019-03-22 14:38:34] INFO [main: CodeCraft-2019.py, 24] road_path is config/road.txt
[2019-03-22 14:38:34] INFO [main: CodeCraft-2019.py, 25] cross_path is config/cross.txt
[2019-03-22 14:38:34] INFO [main: CodeCraft-2019.py, 26] answer_path is config/answer.txt
[2019-03-22 14:40:09] INFO [main: CodeCraft-2019.py, 23] car_path is config/car.txt
[2019-03-22 14:40:09] INFO [main: CodeCraft-2019.py, 24] road_path is config/road.txt
[2019-03-22 14:40:09] INFO [main: CodeCraft-2019.py, 25] cross_path is config/cross.txt
[2019-03-22 14:40:09] INFO [main: CodeCraft-2019.py, 26] answer_path is config/answer.txt
[2019-03-22 14:44:43] INFO [main: CodeCraft-2019.py, 28] car_path is config/car.txt
[2019-03-22 14:44:43] INFO [main: CodeCraft-2019.py, 29] road_path is config/road.txt
[2019-03-22 14:44:43] INFO [main: CodeCraft-2019.py, 30] cross_path is config/cross.txt
[2019-03-22 14:44:43] INFO [main: CodeCraft-2019.py, 31] answer_path is config/answer.txt
[2019-03-22 14:46:02] INFO [main: CodeCraft-2019.py, 30] car_path is ../config/car.txt
[2019-03-22 14:46:02] INFO [main: CodeCraft-2019.py, 31] road_path is ../config/road.txt
[2019-03-22 14:46:02] INFO [main: CodeCraft-2019.py, 32] cross_path is ../config/cross.txt
[2019-03-22 14:46:02] INFO [main: CodeCraft-2019.py, 33] answer_path is ../config/answer.txt
[2019-03-22 14:46:23] INFO [main: CodeCraft-2019.py, 30] car_path is ../config/car.txt
[2019-03-22 14:46:23] INFO [main: CodeCraft-2019.py, 31] road_path is ../config/road.txt
[2019-03-22 14:46:23] INFO [main: CodeCraft-2019.py, 32] cross_path is ../config/cross.txt
[2019-03-22 14:46:23] INFO [main: CodeCraft-2019.py, 33] answer_path is ../config/answer.txt
[2019-03-22 14:46:49] INFO [main: CodeCraft-2019.py, 30] car_path is config/car.txt
[2019-03-22 14:46:49] INFO [main: CodeCraft-2019.py, 31] road_path is config/road.txt
[2019-03-22 14:46:49] INFO [main: CodeCraft-2019.py, 32] cross_path is config/cross.txt
[2019-03-22 14:46:49] INFO [main: CodeCraft-2019.py, 33] answer_path is config/answer.txt
[2019-03-22 14:46:55] INFO [main: CodeCraft-2019.py, 30] car_path is config/car.txt
[2019-03-22 14:46:55] INFO [main: CodeCraft-2019.py, 31] road_path is config/road.txt
[2019-03-22 14:46:55] INFO [main: CodeCraft-2019.py, 32] cross_path is config/cross.txt
[2019-03-22 14:46:55] INFO [main: CodeCraft-2019.py, 33] answer_path is config/answer.txt
[2019-03-22 14:47:44] INFO [main: CodeCraft-2019.py, 30] car_path is ../config/car.txt
[2019-03-22 14:47:44] INFO [main: CodeCraft-2019.py, 31] road_path is ../config/road.txt
[2019-03-22 14:47:44] INFO [main: CodeCraft-2019.py, 32] cross_path is ../config/cross.txt
[2019-03-22 14:47:44] INFO [main: CodeCraft-2019.py, 33] answer_path is ../config/answer.txt
[2019-03-22 14:47:56] INFO [main: CodeCraft-2019.py, 30] car_path is ../config/car.txt
[2019-03-22 14:47:56] INFO [main: CodeCraft-2019.py, 31] road_path is ../config/road.txt
[2019-03-22 14:47:56] INFO [main: CodeCraft-2019.py, 32] cross_path is ../config/cross.txt
[2019-03-22 14:47:56] INFO [main: CodeCraft-2019.py, 33] answer_path is ../config/answer.txt
[2019-03-22 14:48:15] INFO [main: CodeCraft-2019.py, 30] car_path is ../config/car.txt
[2019-03-22 14:48:15] INFO [main: CodeCraft-2019.py, 31] road_path is ../config/road.txt
[2019-03-22 14:48:15] INFO [main: CodeCraft-2019.py, 32] cross_path is ../config/cross.txt
[2019-03-22 14:48:15] INFO [main: CodeCraft-2019.py, 33] answer_path is ../config/answer.txt
[2019-03-22 14:52:15] INFO [main: CodeCraft-2019.py, 30] car_path is ../config/car.txt
[2019-03-22 14:52:15] INFO [main: CodeCraft-2019.py, 31] road_path is ../config/road.txt
[2019-03-22 14:52:15] INFO [main: CodeCraft-2019.py, 32] cross_path is ../config/cross.txt
[2019-03-22 14:52:15] INFO [main: CodeCraft-2019.py, 33] answer_path is ../config/answer.txt
[2019-03-22 15:28:27] INFO [main: CodeCraft-2019.py, 30] car_path is config/car.txt
[2019-03-22 15:28:27] INFO [main: CodeCraft-2019.py, 31] road_path is config/road.txt
[2019-03-22 15:28:27] INFO [main: CodeCraft-2019.py, 32] cross_path is config/cross.txt
[2019-03-22 15:28:27] INFO [main: CodeCraft-2019.py, 33] answer_path is config/answer.txt
[2019-03-22 15:28:56] INFO [main: CodeCraft-2019.py, 30] car_path is config/car.txt
[2019-03-22 15:28:56] INFO [main: CodeCraft-2019.py, 31] road_path is config/road.txt
[2019-03-22 15:28:56] INFO [main: CodeCraft-2019.py, 32] cross_path is config/cross.txt
[2019-03-22 15:28:56] INFO [main: CodeCraft-2019.py, 33] answer_path is config/answer.txt
[2019-03-22 15:29:48] INFO [main: CodeCraft-2019.py, 30] car_path is config/car.txt
[2019-03-22 15:29:48] INFO [main: CodeCraft-2019.py, 31] road_path is config/road.txt
[2019-03-22 15:29:48] INFO [main: CodeCraft-2019.py, 32] cross_path is config/cross.txt
[2019-03-22 15:29:48] INFO [main: CodeCraft-2019.py, 33] answer_path is config/answer.txt
[2019-03-22 15:41:29] INFO [main: CodeCraft-2019.py, 30] car_path is config/car.txt
[2019-03-22 15:41:29] INFO [main: CodeCraft-2019.py, 31] road_path is config/road.txt
[2019-03-22 15:41:29] INFO [main: CodeCraft-2019.py, 32] cross_path is config/cross.txt
[2019-03-22 15:41:29] INFO [main: CodeCraft-2019.py, 33] answer_path is config/answer.txt
[2019-03-22 15:42:03] INFO [main: CodeCraft-2019.py, 30] car_path is config/car.txt
[2019-03-22 15:42:03] INFO [main: CodeCraft-2019.py, 31] road_path is config/road.txt
[2019-03-22 15:42:03] INFO [main: CodeCraft-2019.py, 32] cross_path is config/cross.txt
[2019-03-22 15:42:03] INFO [main: CodeCraft-2019.py, 33] answer_path is config/answer.txt
[2019-03-22 15:42:48] INFO [main: CodeCraft-2019.py, 30] car_path is config/car.txt
[2019-03-22 15:42:48] INFO [main: CodeCraft-2019.py, 31] road_path is config/road.txt
[2019-03-22 15:42:48] INFO [main: CodeCraft-2019.py, 32] cross_path is config/cross.txt
[2019-03-22 15:42:48] INFO [main: CodeCraft-2019.py, 33] answer_path is config/answer.txt
[2019-03-22 15:42:58] INFO [main: CodeCraft-2019.py, 30] car_path is config/car.txt
[2019-03-22 15:42:58] INFO [main: CodeCraft-2019.py, 31] road_path is config/road.txt
[2019-03-22 15:42:58] INFO [main: CodeCraft-2019.py, 32] cross_path is config/cross.txt
[2019-03-22 15:42:58] INFO [main: CodeCraft-2019.py, 33] answer_path is config/answer.txt
[2019-03-22 15:43:46] INFO [main: CodeCraft-2019.py, 30] car_path is config/car.txt
[2019-03-22 15:43:46] INFO [main: CodeCraft-2019.py, 31] road_path is config/road.txt
[2019-03-22 15:43:46] INFO [main: CodeCraft-2019.py, 32] cross_path is config/cross.txt
[2019-03-22 15:43:46] INFO [main: CodeCraft-2019.py, 33] answer_path is config/answer.txt
[2019-03-22 15:46:01] INFO [main: CodeCraft-2019.py, 30] car_path is config/car.txt
[2019-03-22 15:46:01] INFO [main: CodeCraft-2019.py, 31] road_path is config/road.txt
[2019-03-22 15:46:01] INFO [main: CodeCraft-2019.py, 32] cross_path is config/cross.txt
[2019-03-22 15:46:01] INFO [main: CodeCraft-2019.py, 33] answer_path is config/answer.txt
[2019-03-22 15:46:27] INFO [main: CodeCraft-2019.py, 30] car_path is config/car.txt
[2019-03-22 15:46:27] INFO [main: CodeCraft-2019.py, 31] road_path is config/road.txt
[2019-03-22 15:46:27] INFO [main: CodeCraft-2019.py, 32] cross_path is config/cross.txt
[2019-03-22 15:46:27] INFO [main: CodeCraft-2019.py, 33] answer_path is config/answer.txt
[2019-03-22 15:46:50] INFO [main: CodeCraft-2019.py, 30] car_path is config/car.txt
[2019-03-22 15:46:50] INFO [main: CodeCraft-2019.py, 31] road_path is config/road.txt
[2019-03-22 15:46:50] INFO [main: CodeCraft-2019.py, 32] cross_path is config/cross.txt
[2019-03-22 15:46:50] INFO [main: CodeCraft-2019.py, 33] answer_path is config/answer.txt
[2019-03-22 15:49:51] INFO [main: CodeCraft-2019.py, 30] car_path is config/car.txt
[2019-03-22 15:49:51] INFO [main: CodeCraft-2019.py, 31] road_path is config/road.txt
[2019-03-22 15:49:51] INFO [main: CodeCraft-2019.py, 32] cross_path is config/cross.txt
[2019-03-22 15:49:51] INFO [main: CodeCraft-2019.py, 33] answer_path is config/answer.txt
[2019-03-22 17:01:04] INFO [main: CodeCraft-2019.py, 30] car_path is config/car.txt
[2019-03-22 17:01:04] INFO [main: CodeCraft-2019.py, 31] road_path is config/road.txt
[2019-03-22 17:01:04] INFO [main: CodeCraft-2019.py, 32] cross_path is config/cross.txt
[2019-03-22 17:01:04] INFO [main: CodeCraft-2019.py, 33] answer_path is config/answer.txt
[2019-03-22 19:08:16] INFO [main: CodeCraft-2019.py, 30] car_path is config/car.txt
[2019-03-22 19:08:16] INFO [main: CodeCraft-2019.py, 31] road_path is config/road.txt
[2019-03-22 19:08:16] INFO [main: CodeCraft-2019.py, 32] cross_path is config/cross.txt
[2019-03-22 19:08:16] INFO [main: CodeCraft-2019.py, 33] answer_path is config/answer.txt
[2019-03-22 19:26:04] INFO [main: CodeCraft-2019.py, 30] car_path is config/car.txt
[2019-03-22 19:26:04] INFO [main: CodeCraft-2019.py, 31] road_path is config/road.txt
[2019-03-22 19:26:04] INFO [main: CodeCraft-2019.py, 32] cross_path is config/cross.txt
[2019-03-22 19:26:04] INFO [main: CodeCraft-2019.py, 33] answer_path is config/answer.txt
[2019-03-22 19:38:42] INFO [main: CodeCraft-2019.py, 30] car_path is config/car.txt
[2019-03-22 19:38:42] INFO [main: CodeCraft-2019.py, 31] road_path is config/road.txt
[2019-03-22 19:38:42] INFO [main: CodeCraft-2019.py, 32] cross_path is config/cross.txt
[2019-03-22 19:38:42] INFO [main: CodeCraft-2019.py, 33] answer_path is config/answer.txt
[2019-03-22 19:53:43] INFO [main: CodeCraft-2019.py, 30] car_path is config/car.txt
[2019-03-22 19:53:43] INFO [main: CodeCraft-2019.py, 31] road_path is config/road.txt
[2019-03-22 19:53:43] INFO [main: CodeCraft-2019.py, 32] cross_path is config/cross.txt
[2019-03-22 19:53:43] INFO [main: CodeCraft-2019.py, 33] answer_path is config/answer.txt
[2019-03-22 19:53:59] INFO [main: CodeCraft-2019.py, 30] car_path is config/car.txt
[2019-03-22 19:53:59] INFO [main: CodeCraft-2019.py, 31] road_path is config/road.txt
[2019-03-22 19:53:59] INFO [main: CodeCraft-2019.py, 32] cross_path is config/cross.txt
[2019-03-22 19:53:59] INFO [main: CodeCraft-2019.py, 33] answer_path is config/answer.txt
[2019-03-22 20:01:47] INFO [main: CodeCraft-2019.py, 30] car_path is config/car.txt
[2019-03-22 20:01:47] INFO [main: CodeCraft-2019.py, 31] road_path is config/road.txt
[2019-03-22 20:01:47] INFO [main: CodeCraft-2019.py, 32] cross_path is config/cross.txt
[2019-03-22 20:01:47] INFO [main: CodeCraft-2019.py, 33] answer_path is config/answer.txt
[2019-03-22 20:03:42] INFO [main: CodeCraft-2019.py, 30] car_path is config/car.txt
[2019-03-22 20:03:42] INFO [main: CodeCraft-2019.py, 31] road_path is config/road.txt
[2019-03-22 20:03:42] INFO [main: CodeCraft-2019.py, 32] cross_path is config/cross.txt
[2019-03-22 20:03:42] INFO [main: CodeCraft-2019.py, 33] answer_path is config/answer.txt
[2019-03-22 20:10:01] INFO [main: CodeCraft-2019.py, 31] car_path is config/car.txt
[2019-03-22 20:10:01] INFO [main: CodeCraft-2019.py, 32] road_path is config/road.txt
[2019-03-22 20:10:01] INFO [main: CodeCraft-2019.py, 33] cross_path is config/cross.txt
[2019-03-22 20:10:01] INFO [main: CodeCraft-2019.py, 34] answer_path is config/answer.txt
[2019-03-22 20:10:37] INFO [main: CodeCraft-2019.py, 31] car_path is config/car.txt
[2019-03-22 20:10:37] INFO [main: CodeCraft-2019.py, 32] road_path is config/road.txt
[2019-03-22 20:10:37] INFO [main: CodeCraft-2019.py, 33] cross_path is config/cross.txt
[2019-03-22 20:10:37] INFO [main: CodeCraft-2019.py, 34] answer_path is config/answer.txt
[2019-03-22 20:24:30] INFO [main: CodeCraft-2019.py, 30] car_path is config/car.txt
[2019-03-22 20:24:30] INFO [main: CodeCraft-2019.py, 31] road_path is config/road.txt
[2019-03-22 20:24:30] INFO [main: CodeCraft-2019.py, 32] cross_path is config/cross.txt
[2019-03-22 20:24:30] INFO [main: CodeCraft-2019.py, 33] answer_path is config/answer.txt
[2019-03-22 20:24:39] INFO [main: CodeCraft-2019.py, 30] car_path is config/car.txt
[2019-03-22 20:24:39] INFO [main: CodeCraft-2019.py, 31] road_path is config/road.txt
[2019-03-22 20:24:39] INFO [main: CodeCraft-2019.py, 32] cross_path is config/cross.txt
[2019-03-22 20:24:39] INFO [main: CodeCraft-2019.py, 33] answer_path is config/answer.txt
[2019-03-22 20:34:03] INFO [main: CodeCraft-2019.py, 30] car_path is config/car.txt
[2019-03-22 20:34:03] INFO [main: CodeCraft-2019.py, 31] road_path is config/road.txt
[2019-03-22 20:34:03] INFO [main: CodeCraft-2019.py, 32] cross_path is config/cross.txt
[2019-03-22 20:34:03] INFO [main: CodeCraft-2019.py, 33] answer_path is config/answer.txt
[2019-03-22 20:58:10] INFO [main: CodeCraft-2019.py, 30] car_path is config/car.txt
[2019-03-22 20:58:10] INFO [main: CodeCraft-2019.py, 31] road_path is config/road.txt
[2019-03-22 20:58:10] INFO [main: CodeCraft-2019.py, 32] cross_path is config/cross.txt
[2019-03-22 20:58:10] INFO [main: CodeCraft-2019.py, 33] answer_path is config/answer.txt
[2019-03-22 21:01:41] INFO [main: CodeCraft-2019-pycharm.py, 21] car_path is ../config/car.txt
[2019-03-22 21:01:41] INFO [main: CodeCraft-2019-pycharm.py, 22] road_path is ../config/road.txt
[2019-03-22 21:01:41] INFO [main: CodeCraft-2019-pycharm.py, 23] cross_path is ../config/cross.txt
[2019-03-22 21:01:41] INFO [main: CodeCraft-2019-pycharm.py, 24] answer_path is ../config/answer.txt
[2019-03-22 21:01:57] INFO [main: CodeCraft-2019-pycharm.py, 21] car_path is ../config/car.txt
[2019-03-22 21:01:57] INFO [main: CodeCraft-2019-pycharm.py, 22] road_path is ../config/road.txt
[2019-03-22 21:01:57] INFO [main: CodeCraft-2019-pycharm.py, 23] cross_path is ../config/cross.txt
[2019-03-22 21:01:57] INFO [main: CodeCraft-2019-pycharm.py, 24] answer_path is ../config/answer.txt
[2019-03-22 21:02:22] INFO [main: CodeCraft-2019-pycharm.py, 21] car_path is ../config/car.txt
[2019-03-22 21:02:22] INFO [main: CodeCraft-2019-pycharm.py, 22] road_path is ../config/road.txt
[2019-03-22 21:02:22] INFO [main: CodeCraft-2019-pycharm.py, 23] cross_path is ../config/cross.txt
[2019-03-22 21:02:22] INFO [main: CodeCraft-2019-pycharm.py, 24] answer_path is ../config/answer.txt
[2019-03-22 21:03:36] INFO [main: CodeCraft-2019-pycharm.py, 21] car_path is ../config/car.txt
[2019-03-22 21:03:36] INFO [main: CodeCraft-2019-pycharm.py, 22] road_path is ../config/road.txt
[2019-03-22 21:03:36] INFO [main: CodeCraft-2019-pycharm.py, 23] cross_path is ../config/cross.txt
[2019-03-22 21:03:36] INFO [main: CodeCraft-2019-pycharm.py, 24] answer_path is ../config/answer.txt
[2019-03-22 21:03:52] INFO [main: CodeCraft-2019-pycharm.py, 21] car_path is ../config/car.txt
[2019-03-22 21:03:52] INFO [main: CodeCraft-2019-pycharm.py, 22] road_path is ../config/road.txt
[2019-03-22 21:03:52] INFO [main: CodeCraft-2019-pycharm.py, 23] cross_path is ../config/cross.txt
[2019-03-22 21:03:52] INFO [main: CodeCraft-2019-pycharm.py, 24] answer_path is ../config/answer.txt
[2019-03-22 21:03:57] INFO [main: CodeCraft-2019-pycharm.py, 21] car_path is ../config/car.txt
[2019-03-22 21:03:57] INFO [main: CodeCraft-2019-pycharm.py, 22] road_path is ../config/road.txt
[2019-03-22 21:03:57] INFO [main: CodeCraft-2019-pycharm.py, 23] cross_path is ../config/cross.txt
[2019-03-22 21:03:57] INFO [main: CodeCraft-2019-pycharm.py, 24] answer_path is ../config/answer.txt
[2019-03-22 21:05:25] INFO [main: CodeCraft-2019-pycharm.py, 21] car_path is ../config/car.txt
[2019-03-22 21:05:25] INFO [main: CodeCraft-2019-pycharm.py, 22] road_path is ../config/road.txt
[2019-03-22 21:05:25] INFO [main: CodeCraft-2019-pycharm.py, 23] cross_path is ../config/cross.txt
[2019-03-22 21:05:25] INFO [main: CodeCraft-2019-pycharm.py, 24] answer_path is ../config/answer.txt
[2019-03-22 21:05:56] INFO [main: CodeCraft-2019.py, 23] car_path is config/car.txt
[2019-03-22 21:05:56] INFO [main: CodeCraft-2019.py, 24] road_path is config/road.txt
[2019-03-22 21:05:56] INFO [main: CodeCraft-2019.py, 25] cross_path is config/cross.txt
[2019-03-22 21:05:56] INFO [main: CodeCraft-2019.py, 26] answer_path is config/answer.txt
[2019-03-22 21:06:14] INFO [main: CodeCraft-2019-pycharm.py, 21] car_path is ../config/car.txt
[2019-03-22 21:06:14] INFO [main: CodeCraft-2019-pycharm.py, 22] road_path is ../config/road.txt
[2019-03-22 21:06:14] INFO [main: CodeCraft-2019-pycharm.py, 23] cross_path is ../config/cross.txt
[2019-03-22 21:06:14] INFO [main: CodeCraft-2019-pycharm.py, 24] answer_path is ../config/answer.txt
[2019-03-22 21:07:05] INFO [main: CodeCraft-2019-pycharm.py, 21] car_path is ../config/car.txt
[2019-03-22 21:07:05] INFO [main: CodeCraft-2019-pycharm.py, 22] road_path is ../config/road.txt
[2019-03-22 21:07:05] INFO [main: CodeCraft-2019-pycharm.py, 23] cross_path is ../config/cross.txt
[2019-03-22 21:07:05] INFO [main: CodeCraft-2019-pycharm.py, 24] answer_path is ../config/answer.txt
[2019-03-22 21:10:09] INFO [main: CodeCraft-2019.py, 23] car_path is config/car.txt
[2019-03-22 21:10:09] INFO [main: CodeCraft-2019.py, 24] road_path is config/road.txt
[2019-03-22 21:10:09] INFO [main: CodeCraft-2019.py, 25] cross_path is config/cross.txt
[2019-03-22 21:10:09] INFO [main: CodeCraft-2019.py, 26] answer_path is config/answer.txt
[2019-03-22 21:10:30] INFO [main: CodeCraft-2019.py, 23] car_path is config/car.txt
[2019-03-22 21:10:30] INFO [main: CodeCraft-2019.py, 24] road_path is config/road.txt
[2019-03-22 21:10:30] INFO [main: CodeCraft-2019.py, 25] cross_path is config/cross.txt
[2019-03-22 21:10:30] INFO [main: CodeCraft-2019.py, 26] answer_path is config/answer.txt
[2019-03-22 21:10:59] INFO [main: CodeCraft-2019.py, 23] car_path is config/car.txt
[2019-03-22 21:10:59] INFO [main: CodeCraft-2019.py, 24] road_path is config/road.txt
[2019-03-22 21:10:59] INFO [main: CodeCraft-2019.py, 25] cross_path is config/cross.txt
[2019-03-22 21:10:59] INFO [main: CodeCraft-2019.py, 26] answer_path is config/answer.txt
[2019-03-22 22:13:46] INFO [main: CodeCraft-2019.py, 23] car_path is config/car.txt
[2019-03-22 22:13:46] INFO [main: CodeCraft-2019.py, 24] road_path is config/road.txt
[2019-03-22 22:13:46] INFO [main: CodeCraft-2019.py, 25] cross_path is config/cross.txt
[2019-03-22 22:13:46] INFO [main: CodeCraft-2019.py, 26] answer_path is config/answer.txt
[2019-03-22 22:21:19] INFO [main: CodeCraft-2019.py, 23] car_path is config/car.txt
[2019-03-22 22:21:19] INFO [main: CodeCraft-2019.py, 24] road_path is config/road.txt
[2019-03-22 22:21:19] INFO [main: CodeCraft-2019.py, 25] cross_path is config/cross.txt
[2019-03-22 22:21:19] INFO [main: CodeCraft-2019.py, 26] answer_path is config/answer.txt
[2019-03-23 13:14:05] INFO [main: CodeCraft-2019.py, 23] car_path is config/car.txt
[2019-03-23 13:14:05] INFO [main: CodeCraft-2019.py, 24] road_path is config/road.txt
[2019-03-23 13:14:05] INFO [main: CodeCraft-2019.py, 25] cross_path is config/cross.txt
[2019-03-23 13:14:05] INFO [main: CodeCraft-2019.py, 26] answer_path is config/answer.txt
[2019-03-23 13:34:35] INFO [main: CodeCraft-2019.py, 23] car_path is config/car.txt
[2019-03-23 13:34:35] INFO [main: CodeCraft-2019.py, 24] road_path is config/road.txt
[2019-03-23 13:34:35] INFO [main: CodeCraft-2019.py, 25] cross_path is config/cross.txt
[2019-03-23 13:34:35] INFO [main: CodeCraft-2019.py, 26] answer_path is config/answer.txt
[2019-03-23 13:35:05] INFO [main: CodeCraft-2019.py, 23] car_path is config/car.txt
[2019-03-23 13:35:05] INFO [main: CodeCraft-2019.py, 24] road_path is config/road.txt
[2019-03-23 13:35:05] INFO [main: CodeCraft-2019.py, 25] cross_path is config/cross.txt
[2019-03-23 13:35:05] INFO [main: CodeCraft-2019.py, 26] answer_path is config/answer.txt
[2019-03-23 13:35:38] INFO [main: CodeCraft-2019.py, 23] car_path is config/car.txt
[2019-03-23 13:35:38] INFO [main: CodeCraft-2019.py, 24] road_path is config/road.txt
[2019-03-23 13:35:38] INFO [main: CodeCraft-2019.py, 25] cross_path is config/cross.txt
[2019-03-23 13:35:38] INFO [main: CodeCraft-2019.py, 26] answer_path is config/answer.txt
[2019-03-23 13:39:15] INFO [main: CodeCraft-2019.py, 23] car_path is config/car.txt
[2019-03-23 13:39:15] INFO [main: CodeCraft-2019.py, 24] road_path is config/road.txt
[2019-03-23 13:39:15] INFO [main: CodeCraft-2019.py, 25] cross_path is config/cross.txt
[2019-03-23 13:39:15] INFO [main: CodeCraft-2019.py, 26] answer_path is config/answer.txt
[2019-03-23 15:34:20] INFO [main: CodeCraft-2019.py, 23] car_path is config/car.txt
[2019-03-23 15:34:20] INFO [main: CodeCraft-2019.py, 24] road_path is config/road.txt
[2019-03-23 15:34:20] INFO [main: CodeCraft-2019.py, 25] cross_path is config/cross.txt
[2019-03-23 15:34:20] INFO [main: CodeCraft-2019.py, 26] answer_path is config/answer.txt
[2019-03-23 16:14:11] INFO [main: CodeCraft-2019.py, 23] car_path is config/car.txt
[2019-03-23 16:14:11] INFO [main: CodeCraft-2019.py, 24] road_path is config/road.txt
[2019-03-23 16:14:11] INFO [main: CodeCraft-2019.py, 25] cross_path is config/cross.txt
[2019-03-23 16:14:11] INFO [main: CodeCraft-2019.py, 26] answer_path is config/answer.txt
[2019-03-23 16:14:24] INFO [main: CodeCraft-2019.py, 23] car_path is config/car.txt
[2019-03-23 16:14:24] INFO [main: CodeCraft-2019.py, 24] road_path is config/road.txt
[2019-03-23 16:14:24] INFO [main: CodeCraft-2019.py, 25] cross_path is config/cross.txt
[2019-03-23 16:14:24] INFO [main: CodeCraft-2019.py, 26] answer_path is config/answer.txt
[2019-03-23 16:14:30] INFO [main: CodeCraft-2019.py, 23] car_path is config/car.txt
[2019-03-23 16:14:30] INFO [main: CodeCraft-2019.py, 24] road_path is config/road.txt
[2019-03-23 16:14:30] INFO [main: CodeCraft-2019.py, 25] cross_path is config/cross.txt
[2019-03-23 16:14:30] INFO [main: CodeCraft-2019.py, 26] answer_path is config/answer.txt
[2019-03-23 16:20:21] INFO [main: CodeCraft-2019.py, 23] car_path is config/car.txt
[2019-03-23 16:20:21] INFO [main: CodeCraft-2019.py, 24] road_path is config/road.txt
[2019-03-23 16:20:21] INFO [main: CodeCraft-2019.py, 25] cross_path is config/cross.txt
[2019-03-23 16:20:21] INFO [main: CodeCraft-2019.py, 26] answer_path is config/answer.txt
[2019-03-23 16:20:34] INFO [main: CodeCraft-2019.py, 23] car_path is config/car.txt
[2019-03-23 16:20:34] INFO [main: CodeCraft-2019.py, 24] road_path is config/road.txt
[2019-03-23 16:20:34] INFO [main: CodeCraft-2019.py, 25] cross_path is config/cross.txt
[2019-03-23 16:20:34] INFO [main: CodeCraft-2019.py, 26] answer_path is config/answer.txt
[2019-03-23 16:20:44] INFO [main: CodeCraft-2019.py, 23] car_path is config/car.txt
[2019-03-23 16:20:44] INFO [main: CodeCraft-2019.py, 24] road_path is config/road.txt
[2019-03-23 16:20:44] INFO [main: CodeCraft-2019.py, 25] cross_path is config/cross.txt
[2019-03-23 16:20:44] INFO [main: CodeCraft-2019.py, 26] answer_path is config/answer.txt
[2019-03-23 16:20:54] INFO [main: CodeCraft-2019.py, 23] car_path is config/car.txt
[2019-03-23 16:20:54] INFO [main: CodeCraft-2019.py, 24] road_path is config/road.txt
[2019-03-23 16:20:54] INFO [main: CodeCraft-2019.py, 25] cross_path is config/cross.txt
[2019-03-23 16:20:54] INFO [main: CodeCraft-2019.py, 26] answer_path is config/answer.txt
[2019-03-23 16:21:20] INFO [main: CodeCraft-2019.py, 23] car_path is config/car.txt
[2019-03-23 16:21:20] INFO [main: CodeCraft-2019.py, 24] road_path is config/road.txt
[2019-03-23 16:21:20] INFO [main: CodeCraft-2019.py, 25] cross_path is config/cross.txt
[2019-03-23 16:21:20] INFO [main: CodeCraft-2019.py, 26] answer_path is config/answer.txt
[2019-03-23 16:21:37] INFO [main: CodeCraft-2019.py, 23] car_path is config/car.txt
[2019-03-23 16:21:37] INFO [main: CodeCraft-2019.py, 24] road_path is config/road.txt
[2019-03-23 16:21:37] INFO [main: CodeCraft-2019.py, 25] cross_path is config/cross.txt
[2019-03-23 16:21:37] INFO [main: CodeCraft-2019.py, 26] answer_path is config/answer.txt
[2019-03-23 16:22:14] INFO [main: CodeCraft-2019.py, 23] car_path is config/car.txt
[2019-03-23 16:22:14] INFO [main: CodeCraft-2019.py, 24] road_path is config/road.txt
[2019-03-23 16:22:14] INFO [main: CodeCraft-2019.py, 25] cross_path is config/cross.txt
[2019-03-23 16:22:14] INFO [main: CodeCraft-2019.py, 26] answer_path is config/answer.txt
[2019-03-23 16:55:08] INFO [main: CodeCraft-2019.py, 23] car_path is config/car.txt
[2019-03-23 16:55:08] INFO [main: CodeCraft-2019.py, 24] road_path is config/road.txt
[2019-03-23 16:55:08] INFO [main: CodeCraft-2019.py, 25] cross_path is config/cross.txt
[2019-03-23 16:55:08] INFO [main: CodeCraft-2019.py, 26] answer_path is config/answer.txt
[2019-03-23 16:55:25] INFO [main: CodeCraft-2019.py, 23] car_path is config/car.txt
[2019-03-23 16:55:25] INFO [main: CodeCraft-2019.py, 24] road_path is config/road.txt
[2019-03-23 16:55:25] INFO [main: CodeCraft-2019.py, 25] cross_path is config/cross.txt
[2019-03-23 16:55:25] INFO [main: CodeCraft-2019.py, 26] answer_path is config/answer.txt
[2019-03-23 18:43:54] INFO [main: CodeCraft-2019.py, 23] car_path is config/car.txt
[2019-03-23 18:43:54] INFO [main: CodeCraft-2019.py, 24] road_path is config/road.txt
[2019-03-23 18:43:54] INFO [main: CodeCraft-2019.py, 25] cross_path is config/cross.txt
[2019-03-23 18:43:54] INFO [main: CodeCraft-2019.py, 26] answer_path is config/answer.txt
[2019-03-23 18:44:16] INFO [main: CodeCraft-2019.py, 23] car_path is config/car.txt
[2019-03-23 18:44:16] INFO [main: CodeCraft-2019.py, 24] road_path is config/road.txt
[2019-03-23 18:44:16] INFO [main: CodeCraft-2019.py, 25] cross_path is config/cross.txt
[2019-03-23 18:44:16] INFO [main: CodeCraft-2019.py, 26] answer_path is config/answer.txt
[2019-03-24 18:09:01] INFO [main: CodeCraft-2019-pycharm.py, 21] car_path is ../config/car.txt
[2019-03-24 18:09:01] INFO [main: CodeCraft-2019-pycharm.py, 22] road_path is ../config/road.txt
[2019-03-24 18:09:01] INFO [main: CodeCraft-2019-pycharm.py, 23] cross_path is ../config/cross.txt
[2019-03-24 18:09:01] INFO [main: CodeCraft-2019-pycharm.py, 24] answer_path is ../config/answer.txt
[2019-03-24 23:39:39] INFO [main: CodeCraft-2019-pycharm.py, 21] car_path is ../config/car.txt
[2019-03-24 23:39:39] INFO [main: CodeCraft-2019-pycharm.py, 22] road_path is ../config/road.txt
[2019-03-24 23:39:39] INFO [main: CodeCraft-2019-pycharm.py, 23] cross_path is ../config/cross.txt
[2019-03-24 23:39:39] INFO [main: CodeCraft-2019-pycharm.py, 24] answer_path is ../config/answer.txt
[2019-03-24 23:40:20] INFO [main: CodeCraft-2019-pycharm.py, 21] car_path is ../config/car.txt
[2019-03-24 23:40:20] INFO [main: CodeCraft-2019-pycharm.py, 22] road_path is ../config/road.txt
[2019-03-24 23:40:20] INFO [main: CodeCraft-2019-pycharm.py, 23] cross_path is ../config/cross.txt
[2019-03-24 23:40:20] INFO [main: CodeCraft-2019-pycharm.py, 24] answer_path is ../config/answer.txt
[2019-03-24 23:43:11] INFO [main: CodeCraft-2019-pycharm.py, 21] car_path is ../config/car.txt
[2019-03-24 23:43:11] INFO [main: CodeCraft-2019-pycharm.py, 22] road_path is ../config/road.txt
[2019-03-24 23:43:11] INFO [main: CodeCraft-2019-pycharm.py, 23] cross_path is ../config/cross.txt
[2019-03-24 23:43:11] INFO [main: CodeCraft-2019-pycharm.py, 24] answer_path is ../config/answer.txt
[2019-03-24 23:49:28] INFO [main: CodeCraft-2019-pycharm.py, 21] car_path is ../config/car.txt
[2019-03-24 23:49:28] INFO [main: CodeCraft-2019-pycharm.py, 22] road_path is ../config/road.txt
[2019-03-24 23:49:28] INFO [main: CodeCraft-2019-pycharm.py, 23] cross_path is ../config/cross.txt
[2019-03-24 23:49:28] INFO [main: CodeCraft-2019-pycharm.py, 24] answer_path is ../config/answer.txt
[2019-03-24 23:50:27] INFO [main: CodeCraft-2019-pycharm.py, 21] car_path is ../config/car.txt
[2019-03-24 23:50:27] INFO [main: CodeCraft-2019-pycharm.py, 22] road_path is ../config/road.txt
[2019-03-24 23:50:27] INFO [main: CodeCraft-2019-pycharm.py, 23] cross_path is ../config/cross.txt
[2019-03-24 23:50:27] INFO [main: CodeCraft-2019-pycharm.py, 24] answer_path is ../config/answer.txt
[2019-03-24 23:52:51] INFO [main: CodeCraft-2019-pycharm.py, 21] car_path is ../config/car.txt
[2019-03-24 23:52:51] INFO [main: CodeCraft-2019-pycharm.py, 22] road_path is ../config/road.txt
[2019-03-24 23:52:51] INFO [main: CodeCraft-2019-pycharm.py, 23] cross_path is ../config/cross.txt
[2019-03-24 23:52:51] INFO [main: CodeCraft-2019-pycharm.py, 24] answer_path is ../config/answer.txt
[2019-03-24 23:57:28] INFO [main: CodeCraft-2019-pycharm.py, 21] car_path is ../config/car.txt
[2019-03-24 23:57:28] INFO [main: CodeCraft-2019-pycharm.py, 22] road_path is ../config/road.txt
[2019-03-24 23:57:28] INFO [main: CodeCraft-2019-pycharm.py, 23] cross_path is ../config/cross.txt
[2019-03-24 23:57:28] INFO [main: CodeCraft-2019-pycharm.py, 24] answer_path is ../config/answer.txt
[2019-03-24 23:59:47] INFO [main: CodeCraft-2019-pycharm.py, 21] car_path is ../config/car.txt
[2019-03-24 23:59:47] INFO [main: CodeCraft-2019-pycharm.py, 22] road_path is ../config/road.txt
[2019-03-24 23:59:47] INFO [main: CodeCraft-2019-pycharm.py, 23] cross_path is ../config/cross.txt
[2019-03-24 23:59:47] INFO [main: CodeCraft-2019-pycharm.py, 24] answer_path is ../config/answer.txt
[2019-03-25 00:06:34] INFO [main: CodeCraft-2019-pycharm.py, 21] car_path is ../config/car.txt
[2019-03-25 00:06:34] INFO [main: CodeCraft-2019-pycharm.py, 22] road_path is ../config/road.txt
[2019-03-25 00:06:34] INFO [main: CodeCraft-2019-pycharm.py, 23] cross_path is ../config/cross.txt
[2019-03-25 00:06:34] INFO [main: CodeCraft-2019-pycharm.py, 24] answer_path is ../config/answer.txt
[2019-03-25 00:12:40] INFO [main: CodeCraft-2019-pycharm.py, 21] car_path is ../config/car.txt
[2019-03-25 00:12:40] INFO [main: CodeCraft-2019-pycharm.py, 22] road_path is ../config/road.txt
[2019-03-25 00:12:40] INFO [main: CodeCraft-2019-pycharm.py, 23] cross_path is ../config/cross.txt
[2019-03-25 00:12:40] INFO [main: CodeCraft-2019-pycharm.py, 24] answer_path is ../config/answer.txt
[2019-03-25 00:13:43] INFO [main: CodeCraft-2019-pycharm.py, 21] car_path is ../config/car.txt
[2019-03-25 00:13:43] INFO [main: CodeCraft-2019-pycharm.py, 22] road_path is ../config/road.txt
[2019-03-25 00:13:43] INFO [main: CodeCraft-2019-pycharm.py, 23] cross_path is ../config/cross.txt
[2019-03-25 00:13:43] INFO [main: CodeCraft-2019-pycharm.py, 24] answer_path is ../config/answer.txt
[2019-03-25 00:19:24] INFO [main: CodeCraft-2019-pycharm.py, 21] car_path is ../config/car.txt
[2019-03-25 00:19:24] INFO [main: CodeCraft-2019-pycharm.py, 22] road_path is ../config/road.txt
[2019-03-25 00:19:24] INFO [main: CodeCraft-2019-pycharm.py, 23] cross_path is ../config/cross.txt
[2019-03-25 00:19:24] INFO [main: CodeCraft-2019-pycharm.py, 24] answer_path is ../config/answer.txt
[2019-03-25 00:22:58] INFO [main: CodeCraft-2019-pycharm.py, 21] car_path is ../config/car.txt
[2019-03-25 00:22:58] INFO [main: CodeCraft-2019-pycharm.py, 22] road_path is ../config/road.txt
[2019-03-25 00:22:58] INFO [main: CodeCraft-2019-pycharm.py, 23] cross_path is ../config/cross.txt
[2019-03-25 00:22:58] INFO [main: CodeCraft-2019-pycharm.py, 24] answer_path is ../config/answer.txt
[2019-03-25 00:24:10] INFO [main: CodeCraft-2019-pycharm.py, 21] car_path is ../config/car.txt
[2019-03-25 00:24:10] INFO [main: CodeCraft-2019-pycharm.py, 22] road_path is ../config/road.txt
[2019-03-25 00:24:10] INFO [main: CodeCraft-2019-pycharm.py, 23] cross_path is ../config/cross.txt
[2019-03-25 00:24:10] INFO [main: CodeCraft-2019-pycharm.py, 24] answer_path is ../config/answer.txt
[2019-03-25 00:25:29] INFO [main: CodeCraft-2019-pycharm.py, 21] car_path is ../config/car.txt
[2019-03-25 00:25:29] INFO [main: CodeCraft-2019-pycharm.py, 22] road_path is ../config/road.txt
[2019-03-25 00:25:29] INFO [main: CodeCraft-2019-pycharm.py, 23] cross_path is ../config/cross.txt
[2019-03-25 00:25:29] INFO [main: CodeCraft-2019-pycharm.py, 24] answer_path is ../config/answer.txt
[2019-03-25 00:25:57] INFO [main: CodeCraft-2019-pycharm.py, 21] car_path is ../config/car.txt
[2019-03-25 00:25:57] INFO [main: CodeCraft-2019-pycharm.py, 22] road_path is ../config/road.txt
[2019-03-25 00:25:57] INFO [main: CodeCraft-2019-pycharm.py, 23] cross_path is ../config/cross.txt
[2019-03-25 00:25:57] INFO [main: CodeCraft-2019-pycharm.py, 24] answer_path is ../config/answer.txt
[2019-03-25 00:27:33] INFO [main: CodeCraft-2019-pycharm.py, 21] car_path is ../config/car.txt
[2019-03-25 00:27:33] INFO [main: CodeCraft-2019-pycharm.py, 22] road_path is ../config/road.txt
[2019-03-25 00:27:33] INFO [main: CodeCraft-2019-pycharm.py, 23] cross_path is ../config/cross.txt
[2019-03-25 00:27:33] INFO [main: CodeCraft-2019-pycharm.py, 24] answer_path is ../config/answer.txt
[2019-03-25 00:29:28] INFO [main: CodeCraft-2019-pycharm.py, 21] car_path is ../config/car.txt
[2019-03-25 00:29:28] INFO [main: CodeCraft-2019-pycharm.py, 22] road_path is ../config/road.txt
[2019-03-25 00:29:28] INFO [main: CodeCraft-2019-pycharm.py, 23] cross_path is ../config/cross.txt
[2019-03-25 00:29:28] INFO [main: CodeCraft-2019-pycharm.py, 24] answer_path is ../config/answer.txt
[2019-03-25 00:31:04] INFO [main: CodeCraft-2019-pycharm.py, 21] car_path is ../config/car.txt
[2019-03-25 00:31:04] INFO [main: CodeCraft-2019-pycharm.py, 22] road_path is ../config/road.txt
[2019-03-25 00:31:04] INFO [main: CodeCraft-2019-pycharm.py, 23] cross_path is ../config/cross.txt
[2019-03-25 00:31:04] INFO [main: CodeCraft-2019-pycharm.py, 24] answer_path is ../config/answer.txt
[2019-03-25 09:54:29] INFO [main: CodeCraft-2019-pycharm.py, 21] car_path is ../config/car.txt
[2019-03-25 09:54:29] INFO [main: CodeCraft-2019-pycharm.py, 22] road_path is ../config/road.txt
[2019-03-25 09:54:29] INFO [main: CodeCraft-2019-pycharm.py, 23] cross_path is ../config/cross.txt
[2019-03-25 09:54:29] INFO [main: CodeCraft-2019-pycharm.py, 24] answer_path is ../config/answer.txt
[2019-03-25 09:54:56] INFO [main: CodeCraft-2019.py, 30] car_path is config/car.txt
[2019-03-25 09:54:56] INFO [main: CodeCraft-2019.py, 31] road_path is config/road.txt
[2019-03-25 09:54:56] INFO [main: CodeCraft-2019.py, 32] cross_path is config/cross.txt
[2019-03-25 09:54:56] INFO [main: CodeCraft-2019.py, 33] answer_path is config/answer.txt
[2019-03-25 09:55:53] INFO [main: CodeCraft-2019-pycharm.py, 21] car_path is ../config/car.txt
[2019-03-25 09:55:53] INFO [main: CodeCraft-2019-pycharm.py, 22] road_path is ../config/road.txt
[2019-03-25 09:55:53] INFO [main: CodeCraft-2019-pycharm.py, 23] cross_path is ../config/cross.txt
[2019-03-25 09:55:53] INFO [main: CodeCraft-2019-pycharm.py, 24] answer_path is ../config/answer.txt
[2019-03-25 09:56:34] INFO [main: CodeCraft-2019-pycharm.py, 21] car_path is ../config/car.txt
[2019-03-25 09:56:34] INFO [main: CodeCraft-2019-pycharm.py, 22] road_path is ../config/road.txt
[2019-03-25 09:56:34] INFO [main: CodeCraft-2019-pycharm.py, 23] cross_path is ../config/cross.txt
[2019-03-25 09:56:34] INFO [main: CodeCraft-2019-pycharm.py, 24] answer_path is ../config/answer.txt
[2019-03-25 13:52:47] INFO [main: CodeCraft-2019-pycharm.py, 21] car_path is ../config/car.txt
[2019-03-25 13:52:47] INFO [main: CodeCraft-2019-pycharm.py, 22] road_path is ../config/road.txt
[2019-03-25 13:52:47] INFO [main: CodeCraft-2019-pycharm.py, 23] cross_path is ../config/cross.txt
[2019-03-25 13:52:47] INFO [main: CodeCraft-2019-pycharm.py, 24] answer_path is ../config/answer.txt
[2019-03-25 13:54:39] INFO [main: CodeCraft-2019-pycharm.py, 21] car_path is ../config/car.txt
[2019-03-25 13:54:39] INFO [main: CodeCraft-2019-pycharm.py, 22] road_path is ../config/road.txt
[2019-03-25 13:54:39] INFO [main: CodeCraft-2019-pycharm.py, 23] cross_path is ../config/cross.txt
[2019-03-25 13:54:39] INFO [main: CodeCraft-2019-pycharm.py, 24] answer_path is ../config/answer.txt
[2019-03-25 13:56:17] INFO [main: CodeCraft-2019-pycharm.py, 21] car_path is ../config/car.txt
[2019-03-25 13:56:17] INFO [main: CodeCraft-2019-pycharm.py, 22] road_path is ../config/road.txt
[2019-03-25 13:56:17] INFO [main: CodeCraft-2019-pycharm.py, 23] cross_path is ../config/cross.txt
[2019-03-25 13:56:17] INFO [main: CodeCraft-2019-pycharm.py, 24] answer_path is ../config/answer.txt
[2019-03-25 13:56:56] INFO [main: CodeCraft-2019-pycharm.py, 21] car_path is ../config/car.txt
[2019-03-25 13:56:56] INFO [main: CodeCraft-2019-pycharm.py, 22] road_path is ../config/road.txt
[2019-03-25 13:56:56] INFO [main: CodeCraft-2019-pycharm.py, 23] cross_path is ../config/cross.txt
[2019-03-25 13:56:56] INFO [main: CodeCraft-2019-pycharm.py, 24] answer_path is ../config/answer.txt
[2019-03-25 14:28:29] INFO [main: CodeCraft-2019-pycharm.py, 21] car_path is ../config/car.txt
[2019-03-25 14:28:29] INFO [main: CodeCraft-2019-pycharm.py, 22] road_path is ../config/road.txt
[2019-03-25 14:28:29] INFO [main: CodeCraft-2019-pycharm.py, 23] cross_path is ../config/cross.txt
[2019-03-25 14:28:29] INFO [main: CodeCraft-2019-pycharm.py, 24] answer_path is ../config/answer.txt
[2019-03-25 14:28:58] INFO [main: CodeCraft-2019-pycharm.py, 21] car_path is ../config/car.txt
[2019-03-25 14:28:58] INFO [main: CodeCraft-2019-pycharm.py, 22] road_path is ../config/road.txt
[2019-03-25 14:28:58] INFO [main: CodeCraft-2019-pycharm.py, 23] cross_path is ../config/cross.txt
[2019-03-25 14:28:58] INFO [main: CodeCraft-2019-pycharm.py, 24] answer_path is ../config/answer.txt
[2019-03-25 14:53:28] INFO [main: CodeCraft-2019-pycharm.py, 21] car_path is ../config/car.txt
[2019-03-25 14:53:28] INFO [main: CodeCraft-2019-pycharm.py, 22] road_path is ../config/road.txt
[2019-03-25 14:53:28] INFO [main: CodeCraft-2019-pycharm.py, 23] cross_path is ../config/cross.txt
[2019-03-25 14:53:28] INFO [main: CodeCraft-2019-pycharm.py, 24] answer_path is ../config/answer.txt
[2019-03-25 14:54:26] INFO [main: CodeCraft-2019-pycharm.py, 21] car_path is ../config/car.txt
[2019-03-25 14:54:26] INFO [main: CodeCraft-2019-pycharm.py, 22] road_path is ../config/road.txt
[2019-03-25 14:54:26] INFO [main: CodeCraft-2019-pycharm.py, 23] cross_path is ../config/cross.txt
[2019-03-25 14:54:26] INFO [main: CodeCraft-2019-pycharm.py, 24] answer_path is ../config/answer.txt
[2019-03-25 14:54:47] INFO [main: CodeCraft-2019-pycharm.py, 21] car_path is ../config/car.txt
[2019-03-25 14:54:47] INFO [main: CodeCraft-2019-pycharm.py, 22] road_path is ../config/road.txt
[2019-03-25 14:54:47] INFO [main: CodeCraft-2019-pycharm.py, 23] cross_path is ../config/cross.txt
[2019-03-25 14:54:47] INFO [main: CodeCraft-2019-pycharm.py, 24] answer_path is ../config/answer.txt
[2019-03-25 15:10:25] INFO [main: CodeCraft-2019-pycharm.py, 21] car_path is ../config/car.txt
[2019-03-25 15:10:25] INFO [main: CodeCraft-2019-pycharm.py, 22] road_path is ../config/road.txt
[2019-03-25 15:10:25] INFO [main: CodeCraft-2019-pycharm.py, 23] cross_path is ../config/cross.txt
[2019-03-25 15:10:25] INFO [main: CodeCraft-2019-pycharm.py, 24] answer_path is ../config/answer.txt
[2019-03-25 15:32:36] INFO [main: CodeCraft-2019-pycharm.py, 21] car_path is ../config/car.txt
[2019-03-25 15:32:36] INFO [main: CodeCraft-2019-pycharm.py, 22] road_path is ../config/road.txt
[2019-03-25 15:32:36] INFO [main: CodeCraft-2019-pycharm.py, 23] cross_path is ../config/cross.txt
[2019-03-25 15:32:36] INFO [main: CodeCraft-2019-pycharm.py, 24] answer_path is ../config/answer.txt
[2019-03-25 15:48:31] INFO [main: CodeCraft-2019-pycharm.py, 21] car_path is ../config/car.txt
[2019-03-25 15:48:31] INFO [main: CodeCraft-2019-pycharm.py, 22] road_path is ../config/road.txt
[2019-03-25 15:48:31] INFO [main: CodeCraft-2019-pycharm.py, 23] cross_path is ../config/cross.txt
[2019-03-25 15:48:31] INFO [main: CodeCraft-2019-pycharm.py, 24] answer_path is ../config/answer.txt
[2019-03-25 15:50:09] INFO [main: CodeCraft-2019-pycharm.py, 21] car_path is ../config/car.txt
[2019-03-25 15:50:09] INFO [main: CodeCraft-2019-pycharm.py, 22] road_path is ../config/road.txt
[2019-03-25 15:50:09] INFO [main: CodeCraft-2019-pycharm.py, 23] cross_path is ../config/cross.txt
[2019-03-25 15:50:09] INFO [main: CodeCraft-2019-pycharm.py, 24] answer_path is ../config/answer.txt
[2019-03-25 15:51:24] INFO [main: CodeCraft-2019-pycharm.py, 21] car_path is ../config/car.txt
[2019-03-25 15:51:24] INFO [main: CodeCraft-2019-pycharm.py, 22] road_path is ../config/road.txt
[2019-03-25 15:51:24] INFO [main: CodeCraft-2019-pycharm.py, 23] cross_path is ../config/cross.txt
[2019-03-25 15:51:24] INFO [main: CodeCraft-2019-pycharm.py, 24] answer_path is ../config/answer.txt
[2019-03-25 15:54:00] INFO [main: CodeCraft-2019-pycharm.py, 21] car_path is ../config/car.txt
[2019-03-25 15:54:00] INFO [main: CodeCraft-2019-pycharm.py, 22] road_path is ../config/road.txt
[2019-03-25 15:54:00] INFO [main: CodeCraft-2019-pycharm.py, 23] cross_path is ../config/cross.txt
[2019-03-25 15:54:00] INFO [main: CodeCraft-2019-pycharm.py, 24] answer_path is ../config/answer.txt
[2019-03-25 15:55:18] INFO [main: CodeCraft-2019-pycharm.py, 21] car_path is ../config/car.txt
[2019-03-25 15:55:18] INFO [main: CodeCraft-2019-pycharm.py, 22] road_path is ../config/road.txt
[2019-03-25 15:55:18] INFO [main: CodeCraft-2019-pycharm.py, 23] cross_path is ../config/cross.txt
[2019-03-25 15:55:18] INFO [main: CodeCraft-2019-pycharm.py, 24] answer_path is ../config/answer.txt
[2019-03-25 15:55:57] INFO [main: CodeCraft-2019-pycharm.py, 21] car_path is ../config/car.txt
[2019-03-25 15:55:57] INFO [main: CodeCraft-2019-pycharm.py, 22] road_path is ../config/road.txt
[2019-03-25 15:55:57] INFO [main: CodeCraft-2019-pycharm.py, 23] cross_path is ../config/cross.txt
[2019-03-25 15:55:57] INFO [main: CodeCraft-2019-pycharm.py, 24] answer_path is ../config/answer.txt
[2019-03-25 15:57:05] INFO [main: CodeCraft-2019-pycharm.py, 21] car_path is ../config/car.txt
[2019-03-25 15:57:05] INFO [main: CodeCraft-2019-pycharm.py, 22] road_path is ../config/road.txt
[2019-03-25 15:57:05] INFO [main: CodeCraft-2019-pycharm.py, 23] cross_path is ../config/cross.txt
[2019-03-25 15:57:05] INFO [main: CodeCraft-2019-pycharm.py, 24] answer_path is ../config/answer.txt
[2019-03-25 16:00:52] INFO [main: CodeCraft-2019-pycharm.py, 21] car_path is ../config/car.txt
[2019-03-25 16:00:52] INFO [main: CodeCraft-2019-pycharm.py, 22] road_path is ../config/road.txt
[2019-03-25 16:00:52] INFO [main: CodeCraft-2019-pycharm.py, 23] cross_path is ../config/cross.txt
[2019-03-25 16:00:52] INFO [main: CodeCraft-2019-pycharm.py, 24] answer_path is ../config/answer.txt
[2019-03-25 16:03:00] INFO [main: CodeCraft-2019-pycharm.py, 21] car_path is ../config/car.txt
[2019-03-25 16:03:00] INFO [main: CodeCraft-2019-pycharm.py, 22] road_path is ../config/road.txt
[2019-03-25 16:03:00] INFO [main: CodeCraft-2019-pycharm.py, 23] cross_path is ../config/cross.txt
[2019-03-25 16:03:00] INFO [main: CodeCraft-2019-pycharm.py, 24] answer_path is ../config/answer.txt
[2019-03-25 16:05:43] INFO [main: CodeCraft-2019-pycharm.py, 21] car_path is ../config/car.txt
[2019-03-25 16:05:43] INFO [main: CodeCraft-2019-pycharm.py, 22] road_path is ../config/road.txt
[2019-03-25 16:05:43] INFO [main: CodeCraft-2019-pycharm.py, 23] cross_path is ../config/cross.txt
[2019-03-25 16:05:43] INFO [main: CodeCraft-2019-pycharm.py, 24] answer_path is ../config/answer.txt
[2019-03-25 16:08:00] INFO [main: CodeCraft-2019-pycharm.py, 21] car_path is ../config/car.txt
[2019-03-25 16:08:00] INFO [main: CodeCraft-2019-pycharm.py, 22] road_path is ../config/road.txt
[2019-03-25 16:08:00] INFO [main: CodeCraft-2019-pycharm.py, 23] cross_path is ../config/cross.txt
[2019-03-25 16:08:00] INFO [main: CodeCraft-2019-pycharm.py, 24] answer_path is ../config/answer.txt
[2019-03-25 16:13:01] INFO [main: CodeCraft-2019-pycharm.py, 21] car_path is ../config/car.txt
[2019-03-25 16:13:01] INFO [main: CodeCraft-2019-pycharm.py, 22] road_path is ../config/road.txt
[2019-03-25 16:13:01] INFO [main: CodeCraft-2019-pycharm.py, 23] cross_path is ../config/cross.txt
[2019-03-25 16:13:01] INFO [main: CodeCraft-2019-pycharm.py, 24] answer_path is ../config/answer.txt
[2019-03-25 16:13:20] INFO [main: CodeCraft-2019-pycharm.py, 21] car_path is ../config/car.txt
[2019-03-25 16:13:20] INFO [main: CodeCraft-2019-pycharm.py, 22] road_path is ../config/road.txt
[2019-03-25 16:13:20] INFO [main: CodeCraft-2019-pycharm.py, 23] cross_path is ../config/cross.txt
[2019-03-25 16:13:20] INFO [main: CodeCraft-2019-pycharm.py, 24] answer_path is ../config/answer.txt
[2019-03-25 16:13:58] INFO [main: CodeCraft-2019-pycharm.py, 21] car_path is ../config/car.txt
[2019-03-25 16:13:58] INFO [main: CodeCraft-2019-pycharm.py, 22] road_path is ../config/road.txt
[2019-03-25 16:13:58] INFO [main: CodeCraft-2019-pycharm.py, 23] cross_path is ../config/cross.txt
[2019-03-25 16:13:58] INFO [main: CodeCraft-2019-pycharm.py, 24] answer_path is ../config/answer.txt
[2019-03-25 16:14:16] INFO [main: CodeCraft-2019-pycharm.py, 21] car_path is ../config/car.txt
[2019-03-25 16:14:16] INFO [main: CodeCraft-2019-pycharm.py, 22] road_path is ../config/road.txt
[2019-03-25 16:14:16] INFO [main: CodeCraft-2019-pycharm.py, 23] cross_path is ../config/cross.txt
[2019-03-25 16:14:16] INFO [main: CodeCraft-2019-pycharm.py, 24] answer_path is ../config/answer.txt
[2019-03-25 16:15:03] INFO [main: CodeCraft-2019-pycharm.py, 21] car_path is ../config/car.txt
[2019-03-25 16:15:03] INFO [main: CodeCraft-2019-pycharm.py, 22] road_path is ../config/road.txt
[2019-03-25 16:15:03] INFO [main: CodeCraft-2019-pycharm.py, 23] cross_path is ../config/cross.txt
[2019-03-25 16:15:03] INFO [main: CodeCraft-2019-pycharm.py, 24] answer_path is ../config/answer.txt
[2019-03-25 16:15:15] INFO [main: CodeCraft-2019-pycharm.py, 21] car_path is ../config/car.txt
[2019-03-25 16:15:15] INFO [main: CodeCraft-2019-pycharm.py, 22] road_path is ../config/road.txt
[2019-03-25 16:15:15] INFO [main: CodeCraft-2019-pycharm.py, 23] cross_path is ../config/cross.txt
[2019-03-25 16:15:15] INFO [main: CodeCraft-2019-pycharm.py, 24] answer_path is ../config/answer.txt
[2019-03-25 16:15:28] INFO [main: CodeCraft-2019-pycharm.py, 21] car_path is ../config/car.txt
[2019-03-25 16:15:28] INFO [main: CodeCraft-2019-pycharm.py, 22] road_path is ../config/road.txt
[2019-03-25 16:15:28] INFO [main: CodeCraft-2019-pycharm.py, 23] cross_path is ../config/cross.txt
[2019-03-25 16:15:28] INFO [main: CodeCraft-2019-pycharm.py, 24] answer_path is ../config/answer.txt
[2019-03-25 16:16:00] INFO [main: CodeCraft-2019-pycharm.py, 21] car_path is ../config/car.txt
[2019-03-25 16:16:00] INFO [main: CodeCraft-2019-pycharm.py, 22] road_path is ../config/road.txt
[2019-03-25 16:16:00] INFO [main: CodeCraft-2019-pycharm.py, 23] cross_path is ../config/cross.txt
[2019-03-25 16:16:00] INFO [main: CodeCraft-2019-pycharm.py, 24] answer_path is ../config/answer.txt
[2019-03-25 16:16:15] INFO [main: CodeCraft-2019-pycharm.py, 21] car_path is ../config/car.txt
[2019-03-25 16:16:15] INFO [main: CodeCraft-2019-pycharm.py, 22] road_path is ../config/road.txt
[2019-03-25 16:16:15] INFO [main: CodeCraft-2019-pycharm.py, 23] cross_path is ../config/cross.txt
[2019-03-25 16:16:15] INFO [main: CodeCraft-2019-pycharm.py, 24] answer_path is ../config/answer.txt
[2019-03-25 16:16:34] INFO [main: CodeCraft-2019-pycharm.py, 21] car_path is ../config/car.txt
[2019-03-25 16:16:34] INFO [main: CodeCraft-2019-pycharm.py, 22] road_path is ../config/road.txt
[2019-03-25 16:16:34] INFO [main: CodeCraft-2019-pycharm.py, 23] cross_path is ../config/cross.txt
[2019-03-25 16:16:34] INFO [main: CodeCraft-2019-pycharm.py, 24] answer_path is ../config/answer.txt
[2019-03-25 16:30:39] INFO [main: CodeCraft-2019-pycharm.py, 21] car_path is ../config/car.txt
[2019-03-25 16:30:39] INFO [main: CodeCraft-2019-pycharm.py, 22] road_path is ../config/road.txt
[2019-03-25 16:30:39] INFO [main: CodeCraft-2019-pycharm.py, 23] cross_path is ../config/cross.txt
[2019-03-25 16:30:39] INFO [main: CodeCraft-2019-pycharm.py, 24] answer_path is ../config/answer.txt
[2019-03-25 16:31:02] INFO [main: CodeCraft-2019-pycharm.py, 21] car_path is ../config/car.txt
[2019-03-25 16:31:02] INFO [main: CodeCraft-2019-pycharm.py, 22] road_path is ../config/road.txt
[2019-03-25 16:31:02] INFO [main: CodeCraft-2019-pycharm.py, 23] cross_path is ../config/cross.txt
[2019-03-25 16:31:02] INFO [main: CodeCraft-2019-pycharm.py, 24] answer_path is ../config/answer.txt
[2019-03-25 16:35:46] INFO [main: CodeCraft-2019.py, 30] car_path is config/car.txt
[2019-03-25 16:35:46] INFO [main: CodeCraft-2019.py, 31] road_path is config/road.txt
[2019-03-25 16:35:46] INFO [main: CodeCraft-2019.py, 32] cross_path is config/cross.txt
[2019-03-25 16:35:46] INFO [main: CodeCraft-2019.py, 33] answer_path is config/answer.txt
[2019-03-25 16:36:42] INFO [main: CodeCraft-2019.py, 30] car_path is config/car.txt
[2019-03-25 16:36:42] INFO [main: CodeCraft-2019.py, 31] road_path is config/road.txt
[2019-03-25 16:36:42] INFO [main: CodeCraft-2019.py, 32] cross_path is config/cross.txt
[2019-03-25 16:36:42] INFO [main: CodeCraft-2019.py, 33] answer_path is config/answer.txt
[2019-03-25 17:57:22] INFO [main: CodeCraft-2019-pycharm.py, 21] car_path is ../config/car.txt
[2019-03-25 17:57:22] INFO [main: CodeCraft-2019-pycharm.py, 22] road_path is ../config/road.txt
[2019-03-25 17:57:22] INFO [main: CodeCraft-2019-pycharm.py, 23] cross_path is ../config/cross.txt
[2019-03-25 17:57:22] INFO [main: CodeCraft-2019-pycharm.py, 24] answer_path is ../config/answer.txt
[2019-03-25 17:58:12] INFO [main: CodeCraft-2019.py, 30] car_path is config/car.txt
[2019-03-25 17:58:12] INFO [main: CodeCraft-2019.py, 31] road_path is config/road.txt
[2019-03-25 17:58:12] INFO [main: CodeCraft-2019.py, 32] cross_path is config/cross.txt
[2019-03-25 17:58:12] INFO [main: CodeCraft-2019.py, 33] answer_path is config/answer.txt
[2019-03-25 17:58:31] INFO [main: CodeCraft-2019.py, 30] car_path is config/car.txt
[2019-03-25 17:58:31] INFO [main: CodeCraft-2019.py, 31] road_path is config/road.txt
[2019-03-25 17:58:31] INFO [main: CodeCraft-2019.py, 32] cross_path is config/cross.txt
[2019-03-25 17:58:31] INFO [main: CodeCraft-2019.py, 33] answer_path is config/answer.txt
[2019-03-25 18:00:15] INFO [main: CodeCraft-2019.py, 30] car_path is config/car.txt
[2019-03-25 18:00:15] INFO [main: CodeCraft-2019.py, 31] road_path is config/road.txt
[2019-03-25 18:00:15] INFO [main: CodeCraft-2019.py, 32] cross_path is config/cross.txt
[2019-03-25 18:00:15] INFO [main: CodeCraft-2019.py, 33] answer_path is config/answer.txt
[2019-03-25 10:05:30] INFO [main: CodeCraft-2019.py, 30] car_path is config/car.txt
[2019-03-25 10:05:30] INFO [main: CodeCraft-2019.py, 31] road_path is config/road.txt
[2019-03-25 10:05:30] INFO [main: CodeCraft-2019.py, 32] cross_path is config/cross.txt
[2019-03-25 10:05:30] INFO [main: CodeCraft-2019.py, 33] answer_path is config/answer.txt
[2019-03-25 10:06:21] INFO [main: CodeCraft-2019.py, 30] car_path is config/car.txt
[2019-03-25 10:06:21] INFO [main: CodeCraft-2019.py, 31] road_path is config/road.txt
[2019-03-25 10:06:21] INFO [main: CodeCraft-2019.py, 32] cross_path is config/cross.txt
[2019-03-25 10:06:21] INFO [main: CodeCraft-2019.py, 33] answer_path is config/answer.txt
[2019-03-25 10:06:45] INFO [main: CodeCraft-2019.py, 30] car_path is config/car.txt
[2019-03-25 10:06:45] INFO [main: CodeCraft-2019.py, 31] road_path is config/road.txt
[2019-03-25 10:06:45] INFO [main: CodeCraft-2019.py, 32] cross_path is config/cross.txt
[2019-03-25 10:06:45] INFO [main: CodeCraft-2019.py, 33] answer_path is config/answer.txt
[2019-03-25 18:16:01] INFO [main: CodeCraft-2019.py, 30] car_path is config/car.txt
[2019-03-25 18:16:01] INFO [main: CodeCraft-2019.py, 31] road_path is config/road.txt
[2019-03-25 18:16:01] INFO [main: CodeCraft-2019.py, 32] cross_path is config/cross.txt
[2019-03-25 18:16:01] INFO [main: CodeCraft-2019.py, 33] answer_path is config/answer.txt
[2019-03-25 10:17:08] INFO [main: CodeCraft-2019.py, 30] car_path is config/car.txt
[2019-03-25 10:17:08] INFO [main: CodeCraft-2019.py, 31] road_path is config/road.txt
[2019-03-25 10:17:08] INFO [main: CodeCraft-2019.py, 32] cross_path is config/cross.txt
[2019-03-25 10:17:08] INFO [main: CodeCraft-2019.py, 33] answer_path is config/answer.txt
[2019-03-25 18:19:04] INFO [main: CodeCraft-2019.py, 30] car_path is config/car.txt
[2019-03-25 18:19:04] INFO [main: CodeCraft-2019.py, 31] road_path is config/road.txt
[2019-03-25 18:19:04] INFO [main: CodeCraft-2019.py, 32] cross_path is config/cross.txt
[2019-03-25 18:19:04] INFO [main: CodeCraft-2019.py, 33] answer_path is config/answer.txt
[2019-03-25 18:23:06] INFO [main: CodeCraft-2019.py, 30] car_path is config/car.txt
[2019-03-25 18:23:06] INFO [main: CodeCraft-2019.py, 31] road_path is config/road.txt
[2019-03-25 18:23:06] INFO [main: CodeCraft-2019.py, 32] cross_path is config/cross.txt
[2019-03-25 18:23:06] INFO [main: CodeCraft-2019.py, 33] answer_path is config/answer.txt
[2019-03-25 18:24:55] INFO [main: CodeCraft-2019.py, 30] car_path is config/car.txt
[2019-03-25 18:24:55] INFO [main: CodeCraft-2019.py, 31] road_path is config/road.txt
[2019-03-25 18:24:55] INFO [main: CodeCraft-2019.py, 32] cross_path is config/cross.txt
[2019-03-25 18:24:55] INFO [main: CodeCraft-2019.py, 33] answer_path is config/answer.txt
[2019-03-25 18:26:37] INFO [main: CodeCraft-2019.py, 30] car_path is config/car.txt
[2019-03-25 18:26:37] INFO [main: CodeCraft-2019.py, 31] road_path is config/road.txt
[2019-03-25 18:26:37] INFO [main: CodeCraft-2019.py, 32] cross_path is config/cross.txt
[2019-03-25 18:26:37] INFO [main: CodeCraft-2019.py, 33] answer_path is config/answer.txt
[2019-03-25 18:28:19] INFO [main: CodeCraft-2019.py, 30] car_path is config/car.txt
[2019-03-25 18:28:19] INFO [main: CodeCraft-2019.py, 31] road_path is config/road.txt
[2019-03-25 18:28:19] INFO [main: CodeCraft-2019.py, 32] cross_path is config/cross.txt
[2019-03-25 18:28:19] INFO [main: CodeCraft-2019.py, 33] answer_path is config/answer.txt
[2019-03-25 18:31:29] INFO [main: CodeCraft-2019.py, 30] car_path is config/car.txt
[2019-03-25 18:31:29] INFO [main: CodeCraft-2019.py, 31] road_path is config/road.txt
[2019-03-25 18:31:29] INFO [main: CodeCraft-2019.py, 32] cross_path is config/cross.txt
[2019-03-25 18:31:29] INFO [main: CodeCraft-2019.py, 33] answer_path is config/answer.txt
[2019-03-25 18:32:09] INFO [main: CodeCraft-2019.py, 30] car_path is config/car.txt
[2019-03-25 18:32:09] INFO [main: CodeCraft-2019.py, 31] road_path is config/road.txt
[2019-03-25 18:32:09] INFO [main: CodeCraft-2019.py, 32] cross_path is config/cross.txt
[2019-03-25 18:32:09] INFO [main: CodeCraft-2019.py, 33] answer_path is config/answer.txt
[2019-03-25 18:33:07] INFO [main: CodeCraft-2019.py, 30] car_path is config/car.txt
[2019-03-25 18:33:07] INFO [main: CodeCraft-2019.py, 31] road_path is config/road.txt
[2019-03-25 18:33:07] INFO [main: CodeCraft-2019.py, 32] cross_path is config/cross.txt
[2019-03-25 18:33:07] INFO [main: CodeCraft-2019.py, 33] answer_path is config/answer.txt
[2019-03-25 18:33:39] INFO [main: CodeCraft-2019.py, 30] car_path is config/car.txt
[2019-03-25 18:33:39] INFO [main: CodeCraft-2019.py, 31] road_path is config/road.txt
[2019-03-25 18:33:39] INFO [main: CodeCraft-2019.py, 32] cross_path is config/cross.txt
[2019-03-25 18:33:39] INFO [main: CodeCraft-2019.py, 33] answer_path is config/answer.txt
[2019-03-25 18:34:36] INFO [main: CodeCraft-2019.py, 30] car_path is config/car.txt
[2019-03-25 18:34:36] INFO [main: CodeCraft-2019.py, 31] road_path is config/road.txt
[2019-03-25 18:34:36] INFO [main: CodeCraft-2019.py, 32] cross_path is config/cross.txt
[2019-03-25 18:34:36] INFO [main: CodeCraft-2019.py, 33] answer_path is config/answer.txt
[2019-03-25 18:44:33] INFO [main: CodeCraft-2019.py, 30] car_path is config/car.txt
[2019-03-25 18:44:33] INFO [main: CodeCraft-2019.py, 31] road_path is config/road.txt
[2019-03-25 18:44:33] INFO [main: CodeCraft-2019.py, 32] cross_path is config/cross.txt
[2019-03-25 18:44:33] INFO [main: CodeCraft-2019.py, 33] answer_path is config/answer.txt
